2025-09-15 11:07:09 DEBUG PackageRelationshipCollection:307 - Parsing relationship: /xl/_rels/workbook.xml.rels
2025-09-15 11:07:09 DEBUG PackageRelationshipCollection:307 - Parsing relationship: /xl/worksheets/_rels/sheet1.xml.rels
2025-09-15 11:07:09 DEBUG PackageRelationshipCollection:307 - Parsing relationship: /_rels/.rels
2025-09-15 11:07:09 DEBUG POIXMLFactory:65 - using default POIXMLDocumentPart for http://schemas.openxmlformats.org/officeDocument/2006/relationships/printerSettings
2025-09-15 11:07:09 DEBUG PackageRelationshipCollection:307 - Parsing relationship: /xl/_rels/workbook.xml.rels
2025-09-15 11:07:09 DEBUG PackageRelationshipCollection:307 - Parsing relationship: /xl/worksheets/_rels/sheet1.xml.rels
2025-09-15 11:07:09 DEBUG PackageRelationshipCollection:307 - Parsing relationship: /_rels/.rels
2025-09-15 11:07:09 DEBUG POIXMLFactory:65 - using default POIXMLDocumentPart for http://schemas.openxmlformats.org/officeDocument/2006/relationships/printerSettings
2025-09-15 11:07:09 DEBUG PackageRelationshipCollection:307 - Parsing relationship: /xl/_rels/workbook.xml.rels
2025-09-15 11:07:09 DEBUG PackageRelationshipCollection:307 - Parsing relationship: /xl/worksheets/_rels/sheet1.xml.rels
2025-09-15 11:07:09 DEBUG PackageRelationshipCollection:307 - Parsing relationship: /_rels/.rels
2025-09-15 11:07:09 DEBUG POIXMLFactory:65 - using default POIXMLDocumentPart for http://schemas.openxmlformats.org/officeDocument/2006/relationships/printerSettings
2025-09-15 11:07:09 DEBUG PackageRelationshipCollection:307 - Parsing relationship: /xl/_rels/workbook.xml.rels
2025-09-15 11:07:09 DEBUG PackageRelationshipCollection:307 - Parsing relationship: /xl/worksheets/_rels/sheet1.xml.rels
2025-09-15 11:07:09 DEBUG PackageRelationshipCollection:307 - Parsing relationship: /_rels/.rels
2025-09-15 11:07:09 DEBUG POIXMLFactory:65 - using default POIXMLDocumentPart for http://schemas.openxmlformats.org/officeDocument/2006/relationships/printerSettings
2025-09-15 11:07:09 DEBUG PackageRelationshipCollection:307 - Parsing relationship: /xl/_rels/workbook.xml.rels
2025-09-15 11:07:09 DEBUG PackageRelationshipCollection:307 - Parsing relationship: /xl/worksheets/_rels/sheet1.xml.rels
2025-09-15 11:07:09 DEBUG PackageRelationshipCollection:307 - Parsing relationship: /_rels/.rels
2025-09-15 11:07:09 DEBUG POIXMLFactory:65 - using default POIXMLDocumentPart for http://schemas.openxmlformats.org/officeDocument/2006/relationships/printerSettings
2025-09-15 11:07:09 DEBUG PackageRelationshipCollection:307 - Parsing relationship: /xl/_rels/workbook.xml.rels
2025-09-15 11:07:09 DEBUG PackageRelationshipCollection:307 - Parsing relationship: /xl/worksheets/_rels/sheet1.xml.rels
2025-09-15 11:07:09 DEBUG PackageRelationshipCollection:307 - Parsing relationship: /_rels/.rels
2025-09-15 11:07:09 DEBUG POIXMLFactory:65 - using default POIXMLDocumentPart for http://schemas.openxmlformats.org/officeDocument/2006/relationships/printerSettings
2025-09-15 11:07:10 DEBUG PackageRelationshipCollection:307 - Parsing relationship: /xl/_rels/workbook.xml.rels
2025-09-15 11:07:10 DEBUG PackageRelationshipCollection:307 - Parsing relationship: /xl/worksheets/_rels/sheet1.xml.rels
2025-09-15 11:07:10 DEBUG PackageRelationshipCollection:307 - Parsing relationship: /_rels/.rels
2025-09-15 11:07:10 DEBUG POIXMLFactory:65 - using default POIXMLDocumentPart for http://schemas.openxmlformats.org/officeDocument/2006/relationships/printerSettings
2025-09-15 11:07:10 DEBUG PackageRelationshipCollection:307 - Parsing relationship: /xl/_rels/workbook.xml.rels
2025-09-15 11:07:10 DEBUG PackageRelationshipCollection:307 - Parsing relationship: /xl/worksheets/_rels/sheet1.xml.rels
2025-09-15 11:07:10 DEBUG PackageRelationshipCollection:307 - Parsing relationship: /_rels/.rels
2025-09-15 11:07:10 DEBUG POIXMLFactory:65 - using default POIXMLDocumentPart for http://schemas.openxmlformats.org/officeDocument/2006/relationships/printerSettings
2025-09-15 11:07:10 DEBUG PackageRelationshipCollection:307 - Parsing relationship: /xl/_rels/workbook.xml.rels
2025-09-15 11:07:10 DEBUG PackageRelationshipCollection:307 - Parsing relationship: /xl/worksheets/_rels/sheet1.xml.rels
2025-09-15 11:07:10 DEBUG PackageRelationshipCollection:307 - Parsing relationship: /_rels/.rels
2025-09-15 11:07:10 DEBUG POIXMLFactory:65 - using default POIXMLDocumentPart for http://schemas.openxmlformats.org/officeDocument/2006/relationships/printerSettings
2025-09-15 11:07:10 DEBUG PackageRelationshipCollection:307 - Parsing relationship: /xl/_rels/workbook.xml.rels
2025-09-15 11:07:10 DEBUG PackageRelationshipCollection:307 - Parsing relationship: /xl/worksheets/_rels/sheet1.xml.rels
2025-09-15 11:07:10 DEBUG PackageRelationshipCollection:307 - Parsing relationship: /_rels/.rels
2025-09-15 11:07:10 DEBUG POIXMLFactory:65 - using default POIXMLDocumentPart for http://schemas.openxmlformats.org/officeDocument/2006/relationships/printerSettings
2025-09-15 11:07:10 DEBUG PackageRelationshipCollection:307 - Parsing relationship: /xl/_rels/workbook.xml.rels
2025-09-15 11:07:10 DEBUG PackageRelationshipCollection:307 - Parsing relationship: /xl/worksheets/_rels/sheet1.xml.rels
2025-09-15 11:07:10 DEBUG PackageRelationshipCollection:307 - Parsing relationship: /_rels/.rels
2025-09-15 11:07:10 DEBUG POIXMLFactory:65 - using default POIXMLDocumentPart for http://schemas.openxmlformats.org/officeDocument/2006/relationships/printerSettings
2025-09-15 11:07:10 DEBUG PackageRelationshipCollection:307 - Parsing relationship: /xl/_rels/workbook.xml.rels
2025-09-15 11:07:10 DEBUG PackageRelationshipCollection:307 - Parsing relationship: /xl/worksheets/_rels/sheet1.xml.rels
2025-09-15 11:07:10 DEBUG PackageRelationshipCollection:307 - Parsing relationship: /_rels/.rels
2025-09-15 11:07:10 DEBUG POIXMLFactory:65 - using default POIXMLDocumentPart for http://schemas.openxmlformats.org/officeDocument/2006/relationships/printerSettings
2025-09-15 11:07:10 DEBUG PackageRelationshipCollection:307 - Parsing relationship: /xl/_rels/workbook.xml.rels
2025-09-15 11:07:10 DEBUG PackageRelationshipCollection:307 - Parsing relationship: /xl/worksheets/_rels/sheet1.xml.rels
2025-09-15 11:07:10 DEBUG PackageRelationshipCollection:307 - Parsing relationship: /_rels/.rels
2025-09-15 11:07:10 DEBUG POIXMLFactory:65 - using default POIXMLDocumentPart for http://schemas.openxmlformats.org/officeDocument/2006/relationships/printerSettings
2025-09-15 11:07:10 DEBUG PackageRelationshipCollection:307 - Parsing relationship: /xl/_rels/workbook.xml.rels
2025-09-15 11:07:10 DEBUG PackageRelationshipCollection:307 - Parsing relationship: /xl/worksheets/_rels/sheet1.xml.rels
2025-09-15 11:07:10 DEBUG PackageRelationshipCollection:307 - Parsing relationship: /_rels/.rels
2025-09-15 11:07:10 DEBUG POIXMLFactory:65 - using default POIXMLDocumentPart for http://schemas.openxmlformats.org/officeDocument/2006/relationships/printerSettings
2025-09-15 11:07:10 DEBUG PackageRelationshipCollection:307 - Parsing relationship: /xl/_rels/workbook.xml.rels
2025-09-15 11:07:10 DEBUG PackageRelationshipCollection:307 - Parsing relationship: /xl/worksheets/_rels/sheet1.xml.rels
2025-09-15 11:07:10 DEBUG PackageRelationshipCollection:307 - Parsing relationship: /_rels/.rels
2025-09-15 11:07:10 DEBUG POIXMLFactory:65 - using default POIXMLDocumentPart for http://schemas.openxmlformats.org/officeDocument/2006/relationships/printerSettings
2025-09-15 11:07:10 DEBUG PackageRelationshipCollection:307 - Parsing relationship: /xl/_rels/workbook.xml.rels
2025-09-15 11:07:10 DEBUG PackageRelationshipCollection:307 - Parsing relationship: /xl/worksheets/_rels/sheet1.xml.rels
2025-09-15 11:07:10 DEBUG PackageRelationshipCollection:307 - Parsing relationship: /_rels/.rels
2025-09-15 11:07:10 DEBUG POIXMLFactory:65 - using default POIXMLDocumentPart for http://schemas.openxmlformats.org/officeDocument/2006/relationships/printerSettings
2025-09-15 11:07:10 DEBUG PackageRelationshipCollection:307 - Parsing relationship: /xl/_rels/workbook.xml.rels
2025-09-15 11:07:10 DEBUG PackageRelationshipCollection:307 - Parsing relationship: /xl/worksheets/_rels/sheet1.xml.rels
2025-09-15 11:07:10 DEBUG PackageRelationshipCollection:307 - Parsing relationship: /_rels/.rels
2025-09-15 11:07:10 DEBUG POIXMLFactory:65 - using default POIXMLDocumentPart for http://schemas.openxmlformats.org/officeDocument/2006/relationships/printerSettings
2025-09-15 11:11:52 DEBUG PackageRelationshipCollection:307 - Parsing relationship: /xl/_rels/workbook.xml.rels
2025-09-15 11:11:52 DEBUG PackageRelationshipCollection:307 - Parsing relationship: /xl/worksheets/_rels/sheet1.xml.rels
2025-09-15 11:11:52 DEBUG PackageRelationshipCollection:307 - Parsing relationship: /_rels/.rels
2025-09-15 11:11:53 DEBUG POIXMLFactory:65 - using default POIXMLDocumentPart for http://schemas.openxmlformats.org/officeDocument/2006/relationships/printerSettings
2025-09-15 11:11:53 DEBUG PackageRelationshipCollection:307 - Parsing relationship: /xl/_rels/workbook.xml.rels
2025-09-15 11:11:53 DEBUG PackageRelationshipCollection:307 - Parsing relationship: /xl/worksheets/_rels/sheet1.xml.rels
2025-09-15 11:11:53 DEBUG PackageRelationshipCollection:307 - Parsing relationship: /_rels/.rels
2025-09-15 11:11:53 DEBUG POIXMLFactory:65 - using default POIXMLDocumentPart for http://schemas.openxmlformats.org/officeDocument/2006/relationships/printerSettings
2025-09-15 11:11:53 DEBUG PackageRelationshipCollection:307 - Parsing relationship: /xl/_rels/workbook.xml.rels
2025-09-15 11:11:53 DEBUG PackageRelationshipCollection:307 - Parsing relationship: /xl/worksheets/_rels/sheet1.xml.rels
2025-09-15 11:11:53 DEBUG PackageRelationshipCollection:307 - Parsing relationship: /_rels/.rels
2025-09-15 11:11:53 DEBUG POIXMLFactory:65 - using default POIXMLDocumentPart for http://schemas.openxmlformats.org/officeDocument/2006/relationships/printerSettings
2025-09-15 11:11:53 DEBUG PackageRelationshipCollection:307 - Parsing relationship: /xl/_rels/workbook.xml.rels
2025-09-15 11:11:53 DEBUG PackageRelationshipCollection:307 - Parsing relationship: /xl/worksheets/_rels/sheet1.xml.rels
2025-09-15 11:11:53 DEBUG PackageRelationshipCollection:307 - Parsing relationship: /_rels/.rels
2025-09-15 11:11:53 DEBUG POIXMLFactory:65 - using default POIXMLDocumentPart for http://schemas.openxmlformats.org/officeDocument/2006/relationships/printerSettings
2025-09-15 11:11:53 DEBUG PackageRelationshipCollection:307 - Parsing relationship: /xl/_rels/workbook.xml.rels
2025-09-15 11:11:53 DEBUG PackageRelationshipCollection:307 - Parsing relationship: /xl/worksheets/_rels/sheet1.xml.rels
2025-09-15 11:11:53 DEBUG PackageRelationshipCollection:307 - Parsing relationship: /_rels/.rels
2025-09-15 11:11:53 DEBUG POIXMLFactory:65 - using default POIXMLDocumentPart for http://schemas.openxmlformats.org/officeDocument/2006/relationships/printerSettings
2025-09-15 11:11:53 DEBUG PackageRelationshipCollection:307 - Parsing relationship: /xl/_rels/workbook.xml.rels
2025-09-15 11:11:53 DEBUG PackageRelationshipCollection:307 - Parsing relationship: /xl/worksheets/_rels/sheet1.xml.rels
2025-09-15 11:11:53 DEBUG PackageRelationshipCollection:307 - Parsing relationship: /_rels/.rels
2025-09-15 11:11:53 DEBUG POIXMLFactory:65 - using default POIXMLDocumentPart for http://schemas.openxmlformats.org/officeDocument/2006/relationships/printerSettings
2025-09-15 11:11:53 DEBUG PackageRelationshipCollection:307 - Parsing relationship: /xl/_rels/workbook.xml.rels
2025-09-15 11:11:53 DEBUG PackageRelationshipCollection:307 - Parsing relationship: /xl/worksheets/_rels/sheet1.xml.rels
2025-09-15 11:11:53 DEBUG PackageRelationshipCollection:307 - Parsing relationship: /_rels/.rels
2025-09-15 11:11:53 DEBUG POIXMLFactory:65 - using default POIXMLDocumentPart for http://schemas.openxmlformats.org/officeDocument/2006/relationships/printerSettings
2025-09-15 11:11:53 DEBUG PackageRelationshipCollection:307 - Parsing relationship: /xl/_rels/workbook.xml.rels
2025-09-15 11:11:53 DEBUG PackageRelationshipCollection:307 - Parsing relationship: /xl/worksheets/_rels/sheet1.xml.rels
2025-09-15 11:11:53 DEBUG PackageRelationshipCollection:307 - Parsing relationship: /_rels/.rels
2025-09-15 11:11:53 DEBUG POIXMLFactory:65 - using default POIXMLDocumentPart for http://schemas.openxmlformats.org/officeDocument/2006/relationships/printerSettings
2025-09-15 11:11:53 DEBUG PackageRelationshipCollection:307 - Parsing relationship: /xl/_rels/workbook.xml.rels
2025-09-15 11:11:53 DEBUG PackageRelationshipCollection:307 - Parsing relationship: /xl/worksheets/_rels/sheet1.xml.rels
2025-09-15 11:11:53 DEBUG PackageRelationshipCollection:307 - Parsing relationship: /_rels/.rels
2025-09-15 11:11:53 DEBUG POIXMLFactory:65 - using default POIXMLDocumentPart for http://schemas.openxmlformats.org/officeDocument/2006/relationships/printerSettings
2025-09-15 11:11:53 DEBUG PackageRelationshipCollection:307 - Parsing relationship: /xl/_rels/workbook.xml.rels
2025-09-15 11:11:53 DEBUG PackageRelationshipCollection:307 - Parsing relationship: /xl/worksheets/_rels/sheet1.xml.rels
2025-09-15 11:11:53 DEBUG PackageRelationshipCollection:307 - Parsing relationship: /_rels/.rels
2025-09-15 11:11:53 DEBUG POIXMLFactory:65 - using default POIXMLDocumentPart for http://schemas.openxmlformats.org/officeDocument/2006/relationships/printerSettings
2025-09-15 11:11:53 DEBUG PackageRelationshipCollection:307 - Parsing relationship: /xl/_rels/workbook.xml.rels
2025-09-15 11:11:53 DEBUG PackageRelationshipCollection:307 - Parsing relationship: /xl/worksheets/_rels/sheet1.xml.rels
2025-09-15 11:11:53 DEBUG PackageRelationshipCollection:307 - Parsing relationship: /_rels/.rels
2025-09-15 11:11:53 DEBUG POIXMLFactory:65 - using default POIXMLDocumentPart for http://schemas.openxmlformats.org/officeDocument/2006/relationships/printerSettings
2025-09-15 11:11:53 DEBUG PackageRelationshipCollection:307 - Parsing relationship: /xl/_rels/workbook.xml.rels
2025-09-15 11:11:53 DEBUG PackageRelationshipCollection:307 - Parsing relationship: /xl/worksheets/_rels/sheet1.xml.rels
2025-09-15 11:11:53 DEBUG PackageRelationshipCollection:307 - Parsing relationship: /_rels/.rels
2025-09-15 11:11:53 DEBUG POIXMLFactory:65 - using default POIXMLDocumentPart for http://schemas.openxmlformats.org/officeDocument/2006/relationships/printerSettings
2025-09-15 11:11:53 DEBUG PackageRelationshipCollection:307 - Parsing relationship: /xl/_rels/workbook.xml.rels
2025-09-15 11:11:53 DEBUG PackageRelationshipCollection:307 - Parsing relationship: /xl/worksheets/_rels/sheet1.xml.rels
2025-09-15 11:11:53 DEBUG PackageRelationshipCollection:307 - Parsing relationship: /_rels/.rels
2025-09-15 11:11:53 DEBUG POIXMLFactory:65 - using default POIXMLDocumentPart for http://schemas.openxmlformats.org/officeDocument/2006/relationships/printerSettings
2025-09-15 11:11:53 DEBUG PackageRelationshipCollection:307 - Parsing relationship: /xl/_rels/workbook.xml.rels
2025-09-15 11:11:53 DEBUG PackageRelationshipCollection:307 - Parsing relationship: /xl/worksheets/_rels/sheet1.xml.rels
2025-09-15 11:11:53 DEBUG PackageRelationshipCollection:307 - Parsing relationship: /_rels/.rels
2025-09-15 11:11:53 DEBUG POIXMLFactory:65 - using default POIXMLDocumentPart for http://schemas.openxmlformats.org/officeDocument/2006/relationships/printerSettings
2025-09-15 11:11:53 DEBUG PackageRelationshipCollection:307 - Parsing relationship: /xl/_rels/workbook.xml.rels
2025-09-15 11:11:53 DEBUG PackageRelationshipCollection:307 - Parsing relationship: /xl/worksheets/_rels/sheet1.xml.rels
2025-09-15 11:11:53 DEBUG PackageRelationshipCollection:307 - Parsing relationship: /_rels/.rels
2025-09-15 11:11:53 DEBUG POIXMLFactory:65 - using default POIXMLDocumentPart for http://schemas.openxmlformats.org/officeDocument/2006/relationships/printerSettings
2025-09-15 11:11:53 DEBUG PackageRelationshipCollection:307 - Parsing relationship: /xl/_rels/workbook.xml.rels
2025-09-15 11:11:53 DEBUG PackageRelationshipCollection:307 - Parsing relationship: /xl/worksheets/_rels/sheet1.xml.rels
2025-09-15 11:11:53 DEBUG PackageRelationshipCollection:307 - Parsing relationship: /_rels/.rels
2025-09-15 11:11:53 DEBUG POIXMLFactory:65 - using default POIXMLDocumentPart for http://schemas.openxmlformats.org/officeDocument/2006/relationships/printerSettings
2025-09-15 11:11:53 DEBUG PackageRelationshipCollection:307 - Parsing relationship: /xl/_rels/workbook.xml.rels
2025-09-15 11:11:53 DEBUG PackageRelationshipCollection:307 - Parsing relationship: /xl/worksheets/_rels/sheet1.xml.rels
2025-09-15 11:11:53 DEBUG PackageRelationshipCollection:307 - Parsing relationship: /_rels/.rels
2025-09-15 11:11:53 DEBUG POIXMLFactory:65 - using default POIXMLDocumentPart for http://schemas.openxmlformats.org/officeDocument/2006/relationships/printerSettings
2025-09-15 11:11:53 INFO  TC_003_LoginDDT:26 - **** Starting TC_003_LoginDDT *****
2025-09-15 11:11:56 INFO  TC_003_LoginDDT:76 - **** Finished TC_003_LoginDDT *****
2025-09-15 11:11:56 INFO  TC_003_LoginDDT:26 - **** Starting TC_003_LoginDDT *****
2025-09-15 11:11:59 INFO  TC_003_LoginDDT:26 - **** Starting TC_003_LoginDDT *****
2025-09-15 11:12:02 INFO  TC_003_LoginDDT:26 - **** Starting TC_003_LoginDDT *****
2025-09-15 11:12:12 INFO  TC_003_LoginDDT:76 - **** Finished TC_003_LoginDDT *****
2025-09-15 11:12:12 INFO  TC_003_LoginDDT:26 - **** Starting TC_003_LoginDDT *****
2025-09-15 11:12:15 INFO  TC_003_LoginDDT:76 - **** Finished TC_003_LoginDDT *****
2025-09-15 11:21:11 DEBUG PackageRelationshipCollection:307 - Parsing relationship: /xl/_rels/workbook.xml.rels
2025-09-15 11:21:11 DEBUG PackageRelationshipCollection:307 - Parsing relationship: /xl/worksheets/_rels/sheet1.xml.rels
2025-09-15 11:21:11 DEBUG PackageRelationshipCollection:307 - Parsing relationship: /_rels/.rels
2025-09-15 11:21:11 DEBUG POIXMLFactory:65 - using default POIXMLDocumentPart for http://schemas.openxmlformats.org/officeDocument/2006/relationships/printerSettings
2025-09-15 11:21:11 DEBUG PackageRelationshipCollection:307 - Parsing relationship: /xl/_rels/workbook.xml.rels
2025-09-15 11:21:11 DEBUG PackageRelationshipCollection:307 - Parsing relationship: /xl/worksheets/_rels/sheet1.xml.rels
2025-09-15 11:21:11 DEBUG PackageRelationshipCollection:307 - Parsing relationship: /_rels/.rels
2025-09-15 11:21:11 DEBUG POIXMLFactory:65 - using default POIXMLDocumentPart for http://schemas.openxmlformats.org/officeDocument/2006/relationships/printerSettings
2025-09-15 11:21:11 DEBUG PackageRelationshipCollection:307 - Parsing relationship: /xl/_rels/workbook.xml.rels
2025-09-15 11:21:11 DEBUG PackageRelationshipCollection:307 - Parsing relationship: /xl/worksheets/_rels/sheet1.xml.rels
2025-09-15 11:21:11 DEBUG PackageRelationshipCollection:307 - Parsing relationship: /_rels/.rels
2025-09-15 11:21:11 DEBUG POIXMLFactory:65 - using default POIXMLDocumentPart for http://schemas.openxmlformats.org/officeDocument/2006/relationships/printerSettings
2025-09-15 11:21:11 DEBUG PackageRelationshipCollection:307 - Parsing relationship: /xl/_rels/workbook.xml.rels
2025-09-15 11:21:11 DEBUG PackageRelationshipCollection:307 - Parsing relationship: /xl/worksheets/_rels/sheet1.xml.rels
2025-09-15 11:21:11 DEBUG PackageRelationshipCollection:307 - Parsing relationship: /_rels/.rels
2025-09-15 11:21:11 DEBUG POIXMLFactory:65 - using default POIXMLDocumentPart for http://schemas.openxmlformats.org/officeDocument/2006/relationships/printerSettings
2025-09-15 11:21:11 DEBUG PackageRelationshipCollection:307 - Parsing relationship: /xl/_rels/workbook.xml.rels
2025-09-15 11:21:11 DEBUG PackageRelationshipCollection:307 - Parsing relationship: /xl/worksheets/_rels/sheet1.xml.rels
2025-09-15 11:21:11 DEBUG PackageRelationshipCollection:307 - Parsing relationship: /_rels/.rels
2025-09-15 11:21:11 DEBUG POIXMLFactory:65 - using default POIXMLDocumentPart for http://schemas.openxmlformats.org/officeDocument/2006/relationships/printerSettings
2025-09-15 11:21:11 DEBUG PackageRelationshipCollection:307 - Parsing relationship: /xl/_rels/workbook.xml.rels
2025-09-15 11:21:11 DEBUG PackageRelationshipCollection:307 - Parsing relationship: /xl/worksheets/_rels/sheet1.xml.rels
2025-09-15 11:21:11 DEBUG PackageRelationshipCollection:307 - Parsing relationship: /_rels/.rels
2025-09-15 11:21:11 DEBUG POIXMLFactory:65 - using default POIXMLDocumentPart for http://schemas.openxmlformats.org/officeDocument/2006/relationships/printerSettings
2025-09-15 11:21:11 DEBUG PackageRelationshipCollection:307 - Parsing relationship: /xl/_rels/workbook.xml.rels
2025-09-15 11:21:11 DEBUG PackageRelationshipCollection:307 - Parsing relationship: /xl/worksheets/_rels/sheet1.xml.rels
2025-09-15 11:21:11 DEBUG PackageRelationshipCollection:307 - Parsing relationship: /_rels/.rels
2025-09-15 11:21:11 DEBUG POIXMLFactory:65 - using default POIXMLDocumentPart for http://schemas.openxmlformats.org/officeDocument/2006/relationships/printerSettings
2025-09-15 11:21:11 DEBUG PackageRelationshipCollection:307 - Parsing relationship: /xl/_rels/workbook.xml.rels
2025-09-15 11:21:11 DEBUG PackageRelationshipCollection:307 - Parsing relationship: /xl/worksheets/_rels/sheet1.xml.rels
2025-09-15 11:21:11 DEBUG PackageRelationshipCollection:307 - Parsing relationship: /_rels/.rels
2025-09-15 11:21:11 DEBUG POIXMLFactory:65 - using default POIXMLDocumentPart for http://schemas.openxmlformats.org/officeDocument/2006/relationships/printerSettings
2025-09-15 11:21:11 DEBUG PackageRelationshipCollection:307 - Parsing relationship: /xl/_rels/workbook.xml.rels
2025-09-15 11:21:11 DEBUG PackageRelationshipCollection:307 - Parsing relationship: /xl/worksheets/_rels/sheet1.xml.rels
2025-09-15 11:21:11 DEBUG PackageRelationshipCollection:307 - Parsing relationship: /_rels/.rels
2025-09-15 11:21:11 DEBUG POIXMLFactory:65 - using default POIXMLDocumentPart for http://schemas.openxmlformats.org/officeDocument/2006/relationships/printerSettings
2025-09-15 11:21:12 DEBUG PackageRelationshipCollection:307 - Parsing relationship: /xl/_rels/workbook.xml.rels
2025-09-15 11:21:12 DEBUG PackageRelationshipCollection:307 - Parsing relationship: /xl/worksheets/_rels/sheet1.xml.rels
2025-09-15 11:21:12 DEBUG PackageRelationshipCollection:307 - Parsing relationship: /_rels/.rels
2025-09-15 11:21:12 DEBUG POIXMLFactory:65 - using default POIXMLDocumentPart for http://schemas.openxmlformats.org/officeDocument/2006/relationships/printerSettings
2025-09-15 11:21:12 DEBUG PackageRelationshipCollection:307 - Parsing relationship: /xl/_rels/workbook.xml.rels
2025-09-15 11:21:12 DEBUG PackageRelationshipCollection:307 - Parsing relationship: /xl/worksheets/_rels/sheet1.xml.rels
2025-09-15 11:21:12 DEBUG PackageRelationshipCollection:307 - Parsing relationship: /_rels/.rels
2025-09-15 11:21:12 DEBUG POIXMLFactory:65 - using default POIXMLDocumentPart for http://schemas.openxmlformats.org/officeDocument/2006/relationships/printerSettings
2025-09-15 11:21:12 DEBUG PackageRelationshipCollection:307 - Parsing relationship: /xl/_rels/workbook.xml.rels
2025-09-15 11:21:12 DEBUG PackageRelationshipCollection:307 - Parsing relationship: /xl/worksheets/_rels/sheet1.xml.rels
2025-09-15 11:21:12 DEBUG PackageRelationshipCollection:307 - Parsing relationship: /_rels/.rels
2025-09-15 11:21:12 DEBUG POIXMLFactory:65 - using default POIXMLDocumentPart for http://schemas.openxmlformats.org/officeDocument/2006/relationships/printerSettings
2025-09-15 11:21:12 DEBUG PackageRelationshipCollection:307 - Parsing relationship: /xl/_rels/workbook.xml.rels
2025-09-15 11:21:12 DEBUG PackageRelationshipCollection:307 - Parsing relationship: /xl/worksheets/_rels/sheet1.xml.rels
2025-09-15 11:21:12 DEBUG PackageRelationshipCollection:307 - Parsing relationship: /_rels/.rels
2025-09-15 11:21:12 DEBUG POIXMLFactory:65 - using default POIXMLDocumentPart for http://schemas.openxmlformats.org/officeDocument/2006/relationships/printerSettings
2025-09-15 11:21:12 DEBUG PackageRelationshipCollection:307 - Parsing relationship: /xl/_rels/workbook.xml.rels
2025-09-15 11:21:12 DEBUG PackageRelationshipCollection:307 - Parsing relationship: /xl/worksheets/_rels/sheet1.xml.rels
2025-09-15 11:21:12 DEBUG PackageRelationshipCollection:307 - Parsing relationship: /_rels/.rels
2025-09-15 11:21:12 DEBUG POIXMLFactory:65 - using default POIXMLDocumentPart for http://schemas.openxmlformats.org/officeDocument/2006/relationships/printerSettings
2025-09-15 11:21:12 DEBUG PackageRelationshipCollection:307 - Parsing relationship: /xl/_rels/workbook.xml.rels
2025-09-15 11:21:12 DEBUG PackageRelationshipCollection:307 - Parsing relationship: /xl/worksheets/_rels/sheet1.xml.rels
2025-09-15 11:21:12 DEBUG PackageRelationshipCollection:307 - Parsing relationship: /_rels/.rels
2025-09-15 11:21:12 DEBUG POIXMLFactory:65 - using default POIXMLDocumentPart for http://schemas.openxmlformats.org/officeDocument/2006/relationships/printerSettings
2025-09-15 11:21:12 DEBUG PackageRelationshipCollection:307 - Parsing relationship: /xl/_rels/workbook.xml.rels
2025-09-15 11:21:12 DEBUG PackageRelationshipCollection:307 - Parsing relationship: /xl/worksheets/_rels/sheet1.xml.rels
2025-09-15 11:21:12 DEBUG PackageRelationshipCollection:307 - Parsing relationship: /_rels/.rels
2025-09-15 11:21:12 DEBUG POIXMLFactory:65 - using default POIXMLDocumentPart for http://schemas.openxmlformats.org/officeDocument/2006/relationships/printerSettings
2025-09-15 11:21:12 DEBUG PackageRelationshipCollection:307 - Parsing relationship: /xl/_rels/workbook.xml.rels
2025-09-15 11:21:12 DEBUG PackageRelationshipCollection:307 - Parsing relationship: /xl/worksheets/_rels/sheet1.xml.rels
2025-09-15 11:21:12 DEBUG PackageRelationshipCollection:307 - Parsing relationship: /_rels/.rels
2025-09-15 11:21:12 DEBUG POIXMLFactory:65 - using default POIXMLDocumentPart for http://schemas.openxmlformats.org/officeDocument/2006/relationships/printerSettings
2025-09-15 11:21:12 INFO  TC_003_LoginDDT:26 - **** Starting TC_003_LoginDDT *****
2025-09-15 11:21:14 INFO  TC_003_LoginDDT:76 - **** Finished TC_003_LoginDDT *****
2025-09-15 11:21:14 INFO  TC_003_LoginDDT:26 - **** Starting TC_003_LoginDDT *****
2025-09-15 11:21:17 INFO  TC_003_LoginDDT:26 - **** Starting TC_003_LoginDDT *****
2025-09-15 11:21:23 INFO  TC_003_LoginDDT:26 - **** Starting TC_003_LoginDDT *****
2025-09-15 11:21:35 INFO  TC_003_LoginDDT:76 - **** Finished TC_003_LoginDDT *****
2025-09-15 11:21:35 INFO  TC_003_LoginDDT:26 - **** Starting TC_003_LoginDDT *****
2025-09-15 11:21:37 INFO  TC_003_LoginDDT:76 - **** Finished TC_003_LoginDDT *****
2025-09-15 11:25:11 INFO  TC_001_AccountRegistrationTest:46 - **********Starting TC001_AccountRegistrationTest ***
2025-09-15 11:25:11 INFO  TC_001_AccountRegistrationTest:51 - ********** Clicked on Myaccount Link ***
2025-09-15 11:25:12 INFO  TC_001_AccountRegistrationTest:53 - ********** Clicked on Registration Link ***
2025-09-15 11:25:12 INFO  TC_001_AccountRegistrationTest:56 - ********** Providing customer details.... ***
2025-09-15 11:25:14 INFO  TC_001_AccountRegistrationTest:71 - ********** Validating expected message.. ***
2025-09-15 11:25:14 INFO  TC_001_AccountRegistrationTest:91 - **********Fnished TC001_AccountRegistrationTest ***
2025-09-15 11:25:17 INFO  TC_002_LoginTest:17 - **** Starting TC_002_LoginTest  ****
2025-09-15 11:25:17 DEBUG TC_002_LoginTest:18 - capturing application debug logs....
2025-09-15 11:25:17 INFO  TC_002_LoginTest:24 - clicked on myaccount link on the home page..
2025-09-15 11:25:18 INFO  TC_002_LoginTest:26 - clicked on login link under myaccount..
2025-09-15 11:25:20 INFO  TC_002_LoginTest:31 - Entering valid email and password..
2025-09-15 11:25:21 INFO  TC_002_LoginTest:35 - clicked on ligin button..
2025-09-15 11:25:21 INFO  TC_002_LoginTest:49 - **** Finished TC_002_LoginTest  ****
2025-09-15 11:28:37 INFO  TC_001_AccountRegistrationTest:46 - **********Starting TC001_AccountRegistrationTest ***
2025-09-15 11:28:37 INFO  TC_001_AccountRegistrationTest:51 - ********** Clicked on Myaccount Link ***
2025-09-15 11:28:38 INFO  TC_001_AccountRegistrationTest:53 - ********** Clicked on Registration Link ***
2025-09-15 11:28:38 INFO  TC_001_AccountRegistrationTest:56 - ********** Providing customer details.... ***
2025-09-15 11:28:40 INFO  TC_001_AccountRegistrationTest:71 - ********** Validating expected message.. ***
2025-09-15 11:28:40 INFO  TC_001_AccountRegistrationTest:91 - **********Fnished TC001_AccountRegistrationTest ***
2025-09-15 11:28:44 INFO  TC_002_LoginTest:17 - **** Starting TC_002_LoginTest  ****
2025-09-15 11:28:44 DEBUG TC_002_LoginTest:18 - capturing application debug logs....
2025-09-15 11:28:44 INFO  TC_002_LoginTest:24 - clicked on myaccount link on the home page..
2025-09-15 11:28:45 INFO  TC_002_LoginTest:26 - clicked on login link under myaccount..
2025-09-15 11:28:47 INFO  TC_002_LoginTest:31 - Entering valid email and password..
2025-09-15 11:28:47 INFO  TC_002_LoginTest:35 - clicked on ligin button..
2025-09-15 11:28:48 INFO  TC_002_LoginTest:49 - **** Finished TC_002_LoginTest  ****
2025-09-15 11:30:24 INFO  TC_001_AccountRegistrationTest:46 - **********Starting TC001_AccountRegistrationTest ***
2025-09-15 11:30:24 INFO  TC_001_AccountRegistrationTest:51 - ********** Clicked on Myaccount Link ***
2025-09-15 11:30:26 INFO  TC_001_AccountRegistrationTest:53 - ********** Clicked on Registration Link ***
2025-09-15 11:30:26 INFO  TC_001_AccountRegistrationTest:56 - ********** Providing customer details.... ***
2025-09-15 11:30:27 INFO  TC_001_AccountRegistrationTest:71 - ********** Validating expected message.. ***
2025-09-15 11:30:27 INFO  TC_001_AccountRegistrationTest:91 - **********Fnished TC001_AccountRegistrationTest ***
2025-09-15 11:30:40 INFO  TC_002_LoginTest:17 - **** Starting TC_002_LoginTest  ****
2025-09-15 11:30:40 DEBUG TC_002_LoginTest:18 - capturing application debug logs....
2025-09-15 11:30:40 INFO  TC_002_LoginTest:24 - clicked on myaccount link on the home page..
2025-09-15 11:30:40 INFO  TC_002_LoginTest:26 - clicked on login link under myaccount..
2025-09-15 11:30:42 INFO  TC_002_LoginTest:31 - Entering valid email and password..
2025-09-15 11:30:43 INFO  TC_002_LoginTest:35 - clicked on ligin button..
2025-09-15 11:30:43 INFO  TC_002_LoginTest:49 - **** Finished TC_002_LoginTest  ****
2025-09-15 11:32:12 INFO  TC_001_AccountRegistrationTest:46 - **********Starting TC001_AccountRegistrationTest ***
2025-09-15 11:32:12 INFO  TC_001_AccountRegistrationTest:51 - ********** Clicked on Myaccount Link ***
2025-09-15 11:32:13 INFO  TC_001_AccountRegistrationTest:53 - ********** Clicked on Registration Link ***
2025-09-15 11:32:13 INFO  TC_001_AccountRegistrationTest:56 - ********** Providing customer details.... ***
2025-09-15 11:32:14 INFO  TC_001_AccountRegistrationTest:71 - ********** Validating expected message.. ***
2025-09-15 11:32:14 INFO  TC_001_AccountRegistrationTest:91 - **********Fnished TC001_AccountRegistrationTest ***
2025-09-15 11:32:18 INFO  TC_002_LoginTest:17 - **** Starting TC_002_LoginTest  ****
2025-09-15 11:32:18 DEBUG TC_002_LoginTest:18 - capturing application debug logs....
2025-09-15 11:32:18 INFO  TC_002_LoginTest:24 - clicked on myaccount link on the home page..
2025-09-15 11:32:19 INFO  TC_002_LoginTest:26 - clicked on login link under myaccount..
2025-09-15 11:32:21 INFO  TC_002_LoginTest:31 - Entering valid email and password..
2025-09-15 11:32:21 INFO  TC_002_LoginTest:35 - clicked on ligin button..
2025-09-15 11:32:54 INFO  TC_001_AccountRegistrationTest:46 - **********Starting TC001_AccountRegistrationTest ***
2025-09-15 11:32:54 INFO  TC_001_AccountRegistrationTest:51 - ********** Clicked on Myaccount Link ***
2025-09-15 11:32:55 INFO  TC_001_AccountRegistrationTest:53 - ********** Clicked on Registration Link ***
2025-09-15 11:32:55 INFO  TC_001_AccountRegistrationTest:56 - ********** Providing customer details.... ***
2025-09-15 11:32:57 INFO  TC_001_AccountRegistrationTest:71 - ********** Validating expected message.. ***
2025-09-15 11:32:57 INFO  TC_001_AccountRegistrationTest:91 - **********Fnished TC001_AccountRegistrationTest ***
2025-09-15 11:33:00 INFO  TC_002_LoginTest:17 - **** Starting TC_002_LoginTest  ****
2025-09-15 11:33:00 DEBUG TC_002_LoginTest:18 - capturing application debug logs....
2025-09-15 11:33:00 INFO  TC_002_LoginTest:24 - clicked on myaccount link on the home page..
2025-09-15 11:33:01 INFO  TC_002_LoginTest:26 - clicked on login link under myaccount..
2025-09-15 11:33:03 INFO  TC_002_LoginTest:31 - Entering valid email and password..
2025-09-15 11:33:04 INFO  TC_002_LoginTest:35 - clicked on ligin button..
2025-09-15 11:39:28 DEBUG PackageRelationshipCollection:307 - Parsing relationship: /xl/_rels/workbook.xml.rels
2025-09-15 11:39:28 DEBUG PackageRelationshipCollection:307 - Parsing relationship: /xl/worksheets/_rels/sheet1.xml.rels
2025-09-15 11:39:28 DEBUG PackageRelationshipCollection:307 - Parsing relationship: /_rels/.rels
2025-09-15 11:39:29 DEBUG POIXMLFactory:65 - using default POIXMLDocumentPart for http://schemas.openxmlformats.org/officeDocument/2006/relationships/printerSettings
2025-09-15 11:39:29 DEBUG PackageRelationshipCollection:307 - Parsing relationship: /xl/_rels/workbook.xml.rels
2025-09-15 11:39:29 DEBUG PackageRelationshipCollection:307 - Parsing relationship: /xl/worksheets/_rels/sheet1.xml.rels
2025-09-15 11:39:29 DEBUG PackageRelationshipCollection:307 - Parsing relationship: /_rels/.rels
2025-09-15 11:39:29 DEBUG POIXMLFactory:65 - using default POIXMLDocumentPart for http://schemas.openxmlformats.org/officeDocument/2006/relationships/printerSettings
2025-09-15 11:39:29 DEBUG PackageRelationshipCollection:307 - Parsing relationship: /xl/_rels/workbook.xml.rels
2025-09-15 11:39:29 DEBUG PackageRelationshipCollection:307 - Parsing relationship: /xl/worksheets/_rels/sheet1.xml.rels
2025-09-15 11:39:29 DEBUG PackageRelationshipCollection:307 - Parsing relationship: /_rels/.rels
2025-09-15 11:39:29 DEBUG POIXMLFactory:65 - using default POIXMLDocumentPart for http://schemas.openxmlformats.org/officeDocument/2006/relationships/printerSettings
2025-09-15 11:39:29 DEBUG PackageRelationshipCollection:307 - Parsing relationship: /xl/_rels/workbook.xml.rels
2025-09-15 11:39:29 DEBUG PackageRelationshipCollection:307 - Parsing relationship: /xl/worksheets/_rels/sheet1.xml.rels
2025-09-15 11:39:29 DEBUG PackageRelationshipCollection:307 - Parsing relationship: /_rels/.rels
2025-09-15 11:39:29 DEBUG POIXMLFactory:65 - using default POIXMLDocumentPart for http://schemas.openxmlformats.org/officeDocument/2006/relationships/printerSettings
2025-09-15 11:39:29 DEBUG PackageRelationshipCollection:307 - Parsing relationship: /xl/_rels/workbook.xml.rels
2025-09-15 11:39:29 DEBUG PackageRelationshipCollection:307 - Parsing relationship: /xl/worksheets/_rels/sheet1.xml.rels
2025-09-15 11:39:29 DEBUG PackageRelationshipCollection:307 - Parsing relationship: /_rels/.rels
2025-09-15 11:39:29 DEBUG POIXMLFactory:65 - using default POIXMLDocumentPart for http://schemas.openxmlformats.org/officeDocument/2006/relationships/printerSettings
2025-09-15 11:39:29 DEBUG PackageRelationshipCollection:307 - Parsing relationship: /xl/_rels/workbook.xml.rels
2025-09-15 11:39:29 DEBUG PackageRelationshipCollection:307 - Parsing relationship: /xl/worksheets/_rels/sheet1.xml.rels
2025-09-15 11:39:29 DEBUG PackageRelationshipCollection:307 - Parsing relationship: /_rels/.rels
2025-09-15 11:39:29 DEBUG POIXMLFactory:65 - using default POIXMLDocumentPart for http://schemas.openxmlformats.org/officeDocument/2006/relationships/printerSettings
2025-09-15 11:39:29 DEBUG PackageRelationshipCollection:307 - Parsing relationship: /xl/_rels/workbook.xml.rels
2025-09-15 11:39:29 DEBUG PackageRelationshipCollection:307 - Parsing relationship: /xl/worksheets/_rels/sheet1.xml.rels
2025-09-15 11:39:29 DEBUG PackageRelationshipCollection:307 - Parsing relationship: /_rels/.rels
2025-09-15 11:39:29 DEBUG POIXMLFactory:65 - using default POIXMLDocumentPart for http://schemas.openxmlformats.org/officeDocument/2006/relationships/printerSettings
2025-09-15 11:39:29 DEBUG PackageRelationshipCollection:307 - Parsing relationship: /xl/_rels/workbook.xml.rels
2025-09-15 11:39:29 DEBUG PackageRelationshipCollection:307 - Parsing relationship: /xl/worksheets/_rels/sheet1.xml.rels
2025-09-15 11:39:29 DEBUG PackageRelationshipCollection:307 - Parsing relationship: /_rels/.rels
2025-09-15 11:39:29 DEBUG POIXMLFactory:65 - using default POIXMLDocumentPart for http://schemas.openxmlformats.org/officeDocument/2006/relationships/printerSettings
2025-09-15 11:39:29 DEBUG PackageRelationshipCollection:307 - Parsing relationship: /xl/_rels/workbook.xml.rels
2025-09-15 11:39:29 DEBUG PackageRelationshipCollection:307 - Parsing relationship: /xl/worksheets/_rels/sheet1.xml.rels
2025-09-15 11:39:29 DEBUG PackageRelationshipCollection:307 - Parsing relationship: /_rels/.rels
2025-09-15 11:39:29 DEBUG POIXMLFactory:65 - using default POIXMLDocumentPart for http://schemas.openxmlformats.org/officeDocument/2006/relationships/printerSettings
2025-09-15 11:39:29 DEBUG PackageRelationshipCollection:307 - Parsing relationship: /xl/_rels/workbook.xml.rels
2025-09-15 11:39:29 DEBUG PackageRelationshipCollection:307 - Parsing relationship: /xl/worksheets/_rels/sheet1.xml.rels
2025-09-15 11:39:29 DEBUG PackageRelationshipCollection:307 - Parsing relationship: /_rels/.rels
2025-09-15 11:39:29 DEBUG POIXMLFactory:65 - using default POIXMLDocumentPart for http://schemas.openxmlformats.org/officeDocument/2006/relationships/printerSettings
2025-09-15 11:39:29 DEBUG PackageRelationshipCollection:307 - Parsing relationship: /xl/_rels/workbook.xml.rels
2025-09-15 11:39:29 DEBUG PackageRelationshipCollection:307 - Parsing relationship: /xl/worksheets/_rels/sheet1.xml.rels
2025-09-15 11:39:29 DEBUG PackageRelationshipCollection:307 - Parsing relationship: /_rels/.rels
2025-09-15 11:39:29 DEBUG POIXMLFactory:65 - using default POIXMLDocumentPart for http://schemas.openxmlformats.org/officeDocument/2006/relationships/printerSettings
2025-09-15 11:39:29 DEBUG PackageRelationshipCollection:307 - Parsing relationship: /xl/_rels/workbook.xml.rels
2025-09-15 11:39:29 DEBUG PackageRelationshipCollection:307 - Parsing relationship: /xl/worksheets/_rels/sheet1.xml.rels
2025-09-15 11:39:29 DEBUG PackageRelationshipCollection:307 - Parsing relationship: /_rels/.rels
2025-09-15 11:39:29 DEBUG POIXMLFactory:65 - using default POIXMLDocumentPart for http://schemas.openxmlformats.org/officeDocument/2006/relationships/printerSettings
2025-09-15 11:39:29 DEBUG PackageRelationshipCollection:307 - Parsing relationship: /xl/_rels/workbook.xml.rels
2025-09-15 11:39:29 DEBUG PackageRelationshipCollection:307 - Parsing relationship: /xl/worksheets/_rels/sheet1.xml.rels
2025-09-15 11:39:29 DEBUG PackageRelationshipCollection:307 - Parsing relationship: /_rels/.rels
2025-09-15 11:39:29 DEBUG POIXMLFactory:65 - using default POIXMLDocumentPart for http://schemas.openxmlformats.org/officeDocument/2006/relationships/printerSettings
2025-09-15 11:39:29 DEBUG PackageRelationshipCollection:307 - Parsing relationship: /xl/_rels/workbook.xml.rels
2025-09-15 11:39:29 DEBUG PackageRelationshipCollection:307 - Parsing relationship: /xl/worksheets/_rels/sheet1.xml.rels
2025-09-15 11:39:29 DEBUG PackageRelationshipCollection:307 - Parsing relationship: /_rels/.rels
2025-09-15 11:39:29 DEBUG POIXMLFactory:65 - using default POIXMLDocumentPart for http://schemas.openxmlformats.org/officeDocument/2006/relationships/printerSettings
2025-09-15 11:39:29 DEBUG PackageRelationshipCollection:307 - Parsing relationship: /xl/_rels/workbook.xml.rels
2025-09-15 11:39:29 DEBUG PackageRelationshipCollection:307 - Parsing relationship: /xl/worksheets/_rels/sheet1.xml.rels
2025-09-15 11:39:29 DEBUG PackageRelationshipCollection:307 - Parsing relationship: /_rels/.rels
2025-09-15 11:39:29 DEBUG POIXMLFactory:65 - using default POIXMLDocumentPart for http://schemas.openxmlformats.org/officeDocument/2006/relationships/printerSettings
2025-09-15 11:39:29 DEBUG PackageRelationshipCollection:307 - Parsing relationship: /xl/_rels/workbook.xml.rels
2025-09-15 11:39:29 DEBUG PackageRelationshipCollection:307 - Parsing relationship: /xl/worksheets/_rels/sheet1.xml.rels
2025-09-15 11:39:29 DEBUG PackageRelationshipCollection:307 - Parsing relationship: /_rels/.rels
2025-09-15 11:39:29 DEBUG POIXMLFactory:65 - using default POIXMLDocumentPart for http://schemas.openxmlformats.org/officeDocument/2006/relationships/printerSettings
2025-09-15 11:39:29 DEBUG PackageRelationshipCollection:307 - Parsing relationship: /xl/_rels/workbook.xml.rels
2025-09-15 11:39:29 DEBUG PackageRelationshipCollection:307 - Parsing relationship: /xl/worksheets/_rels/sheet1.xml.rels
2025-09-15 11:39:29 DEBUG PackageRelationshipCollection:307 - Parsing relationship: /_rels/.rels
2025-09-15 11:39:29 DEBUG POIXMLFactory:65 - using default POIXMLDocumentPart for http://schemas.openxmlformats.org/officeDocument/2006/relationships/printerSettings
2025-09-15 11:39:29 INFO  TC_003_LoginDDT:26 - **** Starting TC_003_LoginDDT *****
2025-09-15 11:39:32 INFO  TC_003_LoginDDT:76 - **** Finished TC_003_LoginDDT *****
2025-09-15 11:39:32 INFO  TC_003_LoginDDT:26 - **** Starting TC_003_LoginDDT *****
2025-09-15 11:39:34 INFO  TC_003_LoginDDT:26 - **** Starting TC_003_LoginDDT *****
2025-09-15 11:39:37 INFO  TC_003_LoginDDT:26 - **** Starting TC_003_LoginDDT *****
2025-09-15 11:39:49 INFO  TC_003_LoginDDT:76 - **** Finished TC_003_LoginDDT *****
2025-09-15 11:39:49 INFO  TC_003_LoginDDT:26 - **** Starting TC_003_LoginDDT *****
2025-09-15 11:39:52 INFO  TC_003_LoginDDT:76 - **** Finished TC_003_LoginDDT *****
2025-09-15 11:41:35 INFO  TC_001_AccountRegistrationTest:46 - **********Starting TC001_AccountRegistrationTest ***
2025-09-15 11:41:35 INFO  TC_001_AccountRegistrationTest:51 - ********** Clicked on Myaccount Link ***
2025-09-15 11:41:35 INFO  TC_001_AccountRegistrationTest:53 - ********** Clicked on Registration Link ***
2025-09-15 11:41:35 INFO  TC_001_AccountRegistrationTest:56 - ********** Providing customer details.... ***
2025-09-15 11:41:37 INFO  TC_001_AccountRegistrationTest:71 - ********** Validating expected message.. ***
2025-09-15 11:41:37 INFO  TC_001_AccountRegistrationTest:91 - **********Fnished TC001_AccountRegistrationTest ***
2025-09-15 11:41:40 INFO  TC_002_LoginTest:17 - **** Starting TC_002_LoginTest  ****
2025-09-15 11:41:40 DEBUG TC_002_LoginTest:18 - capturing application debug logs....
2025-09-15 11:41:40 INFO  TC_002_LoginTest:24 - clicked on myaccount link on the home page..
2025-09-15 11:41:41 INFO  TC_002_LoginTest:26 - clicked on login link under myaccount..
2025-09-15 11:41:43 INFO  TC_002_LoginTest:31 - Entering valid email and password..
2025-09-15 11:41:44 INFO  TC_002_LoginTest:35 - clicked on ligin button..
2025-09-15 11:42:49 INFO  TC_001_AccountRegistrationTest:46 - **********Starting TC001_AccountRegistrationTest ***
2025-09-15 11:42:49 INFO  TC_001_AccountRegistrationTest:51 - ********** Clicked on Myaccount Link ***
2025-09-15 11:42:50 INFO  TC_001_AccountRegistrationTest:53 - ********** Clicked on Registration Link ***
2025-09-15 11:42:50 INFO  TC_001_AccountRegistrationTest:56 - ********** Providing customer details.... ***
2025-09-15 11:42:52 INFO  TC_001_AccountRegistrationTest:71 - ********** Validating expected message.. ***
2025-09-15 11:42:52 INFO  TC_001_AccountRegistrationTest:91 - **********Fnished TC001_AccountRegistrationTest ***
2025-09-15 11:42:55 INFO  TC_002_LoginTest:17 - **** Starting TC_002_LoginTest  ****
2025-09-15 11:42:55 DEBUG TC_002_LoginTest:18 - capturing application debug logs....
2025-09-15 11:42:55 INFO  TC_002_LoginTest:24 - clicked on myaccount link on the home page..
2025-09-15 11:42:56 INFO  TC_002_LoginTest:26 - clicked on login link under myaccount..
2025-09-15 11:42:58 INFO  TC_002_LoginTest:31 - Entering valid email and password..
2025-09-15 11:42:58 INFO  TC_002_LoginTest:35 - clicked on ligin button..
2025-09-15 11:44:06 INFO  TC_002_LoginTest:17 - **** Starting TC_002_LoginTest  ****
2025-09-15 11:44:06 DEBUG TC_002_LoginTest:18 - capturing application debug logs....
2025-09-15 11:44:06 INFO  TC_002_LoginTest:24 - clicked on myaccount link on the home page..
2025-09-15 11:44:07 INFO  TC_002_LoginTest:26 - clicked on login link under myaccount..
2025-09-15 11:44:09 INFO  TC_002_LoginTest:31 - Entering valid email and password..
2025-09-15 11:44:09 INFO  TC_002_LoginTest:35 - clicked on ligin button..
2025-09-15 11:44:32 INFO  TC_002_LoginTest:17 - **** Starting TC_002_LoginTest  ****
2025-09-15 11:44:32 DEBUG TC_002_LoginTest:18 - capturing application debug logs....
2025-09-15 11:44:33 INFO  TC_002_LoginTest:24 - clicked on myaccount link on the home page..
2025-09-15 11:44:33 INFO  TC_002_LoginTest:26 - clicked on login link under myaccount..
2025-09-15 11:44:35 INFO  TC_002_LoginTest:31 - Entering valid email and password..
2025-09-15 11:44:37 INFO  TC_002_LoginTest:35 - clicked on ligin button..
2025-09-15 11:44:37 INFO  TC_002_LoginTest:49 - **** Finished TC_002_LoginTest  ****
2025-09-15 11:46:05 INFO  TC_001_AccountRegistrationTest:46 - **********Starting TC001_AccountRegistrationTest ***
2025-09-15 11:46:05 INFO  TC_001_AccountRegistrationTest:51 - ********** Clicked on Myaccount Link ***
2025-09-15 11:46:06 INFO  TC_001_AccountRegistrationTest:53 - ********** Clicked on Registration Link ***
2025-09-15 11:46:06 INFO  TC_001_AccountRegistrationTest:56 - ********** Providing customer details.... ***
2025-09-15 11:46:08 INFO  TC_001_AccountRegistrationTest:71 - ********** Validating expected message.. ***
2025-09-15 11:46:08 ERROR TC_001_AccountRegistrationTest:80 - Test Failed...
2025-09-15 11:46:08 DEBUG TC_001_AccountRegistrationTest:81 - Debug logs...
2025-09-15 11:46:12 INFO  TC_002_LoginTest:17 - **** Starting TC_002_LoginTest  ****
2025-09-15 11:46:12 DEBUG TC_002_LoginTest:18 - capturing application debug logs....
2025-09-15 11:46:12 INFO  TC_002_LoginTest:24 - clicked on myaccount link on the home page..
2025-09-15 11:46:13 INFO  TC_002_LoginTest:26 - clicked on login link under myaccount..
2025-09-15 11:46:15 INFO  TC_002_LoginTest:31 - Entering valid email and password..
2025-09-15 11:46:15 INFO  TC_002_LoginTest:35 - clicked on ligin button..
2025-09-15 11:46:17 INFO  TC_002_LoginTest:49 - **** Finished TC_002_LoginTest  ****
2025-09-15 11:48:24 INFO  TC_001_AccountRegistrationTest:46 - **********Starting TC001_AccountRegistrationTest ***
2025-09-15 11:48:24 INFO  TC_001_AccountRegistrationTest:51 - ********** Clicked on Myaccount Link ***
2025-09-15 11:48:24 INFO  TC_001_AccountRegistrationTest:53 - ********** Clicked on Registration Link ***
2025-09-15 11:48:24 INFO  TC_001_AccountRegistrationTest:56 - ********** Providing customer details.... ***
2025-09-15 11:48:25 INFO  TC_001_AccountRegistrationTest:71 - ********** Validating expected message.. ***
2025-09-15 11:48:26 INFO  TC_001_AccountRegistrationTest:91 - **********Fnished TC001_AccountRegistrationTest ***
2025-09-15 11:48:30 INFO  TC_002_LoginTest:17 - **** Starting TC_002_LoginTest  ****
2025-09-15 11:48:30 DEBUG TC_002_LoginTest:18 - capturing application debug logs....
2025-09-15 11:48:30 INFO  TC_002_LoginTest:24 - clicked on myaccount link on the home page..
2025-09-15 11:48:30 INFO  TC_002_LoginTest:26 - clicked on login link under myaccount..
2025-09-15 11:48:32 INFO  TC_002_LoginTest:31 - Entering valid email and password..
2025-09-15 11:48:33 INFO  TC_002_LoginTest:35 - clicked on ligin button..
2025-09-15 11:48:34 INFO  TC_002_LoginTest:49 - **** Finished TC_002_LoginTest  ****
2025-09-15 13:38:16 INFO  TC_001_AccountRegistrationTest:46 - **********Starting TC001_AccountRegistrationTest ***
2025-09-15 13:38:16 INFO  TC_001_AccountRegistrationTest:51 - ********** Clicked on Myaccount Link ***
2025-09-15 13:38:17 INFO  TC_001_AccountRegistrationTest:53 - ********** Clicked on Registration Link ***
2025-09-15 13:38:17 INFO  TC_001_AccountRegistrationTest:56 - ********** Providing customer details.... ***
2025-09-15 13:38:18 INFO  TC_001_AccountRegistrationTest:71 - ********** Validating expected message.. ***
2025-09-15 13:38:18 INFO  TC_001_AccountRegistrationTest:91 - **********Fnished TC001_AccountRegistrationTest ***
2025-09-15 13:38:23 INFO  TC_002_LoginTest:17 - **** Starting TC_002_LoginTest  ****
2025-09-15 13:38:23 DEBUG TC_002_LoginTest:18 - capturing application debug logs....
2025-09-15 13:38:23 INFO  TC_002_LoginTest:24 - clicked on myaccount link on the home page..
2025-09-15 13:38:24 INFO  TC_002_LoginTest:26 - clicked on login link under myaccount..
2025-09-15 13:38:26 INFO  TC_002_LoginTest:31 - Entering valid email and password..
2025-09-15 13:38:26 INFO  TC_002_LoginTest:35 - clicked on ligin button..
2025-09-15 13:38:27 INFO  TC_002_LoginTest:49 - **** Finished TC_002_LoginTest  ****
2025-09-15 13:39:07 INFO  TC_001_AccountRegistrationTest:46 - **********Starting TC001_AccountRegistrationTest ***
2025-09-15 13:39:07 INFO  TC_001_AccountRegistrationTest:51 - ********** Clicked on Myaccount Link ***
2025-09-15 13:39:08 INFO  TC_001_AccountRegistrationTest:53 - ********** Clicked on Registration Link ***
2025-09-15 13:39:08 INFO  TC_001_AccountRegistrationTest:56 - ********** Providing customer details.... ***
2025-09-15 13:39:10 INFO  TC_001_AccountRegistrationTest:71 - ********** Validating expected message.. ***
2025-09-15 13:39:10 INFO  TC_001_AccountRegistrationTest:91 - **********Fnished TC001_AccountRegistrationTest ***
2025-09-15 13:39:14 INFO  TC_002_LoginTest:17 - **** Starting TC_002_LoginTest  ****
2025-09-15 13:39:14 DEBUG TC_002_LoginTest:18 - capturing application debug logs....
2025-09-15 13:39:14 INFO  TC_002_LoginTest:24 - clicked on myaccount link on the home page..
2025-09-15 13:39:14 INFO  TC_002_LoginTest:26 - clicked on login link under myaccount..
2025-09-15 13:39:16 INFO  TC_002_LoginTest:31 - Entering valid email and password..
2025-09-15 13:39:17 INFO  TC_002_LoginTest:35 - clicked on ligin button..
2025-09-15 13:39:18 INFO  TC_002_LoginTest:49 - **** Finished TC_002_LoginTest  ****
2025-09-15 13:40:14 INFO  TC_001_AccountRegistrationTest:46 - **********Starting TC001_AccountRegistrationTest ***
2025-09-15 13:40:14 INFO  TC_001_AccountRegistrationTest:51 - ********** Clicked on Myaccount Link ***
2025-09-15 13:40:16 INFO  TC_001_AccountRegistrationTest:53 - ********** Clicked on Registration Link ***
2025-09-15 13:40:16 INFO  TC_001_AccountRegistrationTest:56 - ********** Providing customer details.... ***
2025-09-15 13:40:18 INFO  TC_001_AccountRegistrationTest:71 - ********** Validating expected message.. ***
2025-09-15 13:40:18 INFO  TC_001_AccountRegistrationTest:91 - **********Fnished TC001_AccountRegistrationTest ***
2025-09-15 13:40:25 INFO  TC_002_LoginTest:17 - **** Starting TC_002_LoginTest  ****
2025-09-15 13:40:25 DEBUG TC_002_LoginTest:18 - capturing application debug logs....
2025-09-15 13:40:25 INFO  TC_002_LoginTest:24 - clicked on myaccount link on the home page..
2025-09-15 13:40:26 INFO  TC_002_LoginTest:26 - clicked on login link under myaccount..
2025-09-15 13:40:28 INFO  TC_002_LoginTest:31 - Entering valid email and password..
2025-09-15 13:40:29 INFO  TC_002_LoginTest:35 - clicked on ligin button..
2025-09-15 13:40:29 INFO  TC_002_LoginTest:49 - **** Finished TC_002_LoginTest  ****
2025-09-15 13:41:56 INFO  TC_002_LoginTest:17 - **** Starting TC_002_LoginTest  ****
2025-09-15 13:41:56 DEBUG TC_002_LoginTest:18 - capturing application debug logs....
2025-09-15 13:41:56 INFO  TC_002_LoginTest:24 - clicked on myaccount link on the home page..
2025-09-15 13:41:57 INFO  TC_002_LoginTest:26 - clicked on login link under myaccount..
2025-09-15 13:41:59 INFO  TC_002_LoginTest:31 - Entering valid email and password..
2025-09-15 13:42:01 INFO  TC_002_LoginTest:35 - clicked on ligin button..
2025-09-15 13:42:01 INFO  TC_002_LoginTest:49 - **** Finished TC_002_LoginTest  ****
2025-09-15 13:49:07 INFO  TC_002_LoginTest:17 - **** Starting TC_002_LoginTest  ****
2025-09-15 13:49:07 DEBUG TC_002_LoginTest:18 - capturing application debug logs....
2025-09-15 13:49:07 INFO  TC_002_LoginTest:24 - clicked on myaccount link on the home page..
2025-09-15 13:49:07 INFO  TC_002_LoginTest:26 - clicked on login link under myaccount..
2025-09-15 13:49:09 INFO  TC_002_LoginTest:31 - Entering valid email and password..
2025-09-15 13:49:10 INFO  TC_002_LoginTest:35 - clicked on ligin button..
2025-09-15 13:49:11 INFO  TC_002_LoginTest:49 - **** Finished TC_002_LoginTest  ****
2025-09-15 13:59:00 INFO  TC_002_LoginTest:17 - **** Starting TC_002_LoginTest  ****
2025-09-15 13:59:00 DEBUG TC_002_LoginTest:18 - capturing application debug logs....
2025-09-15 13:59:00 INFO  TC_002_LoginTest:24 - clicked on myaccount link on the home page..
2025-09-15 13:59:00 INFO  TC_002_LoginTest:26 - clicked on login link under myaccount..
2025-09-15 13:59:02 INFO  TC_002_LoginTest:31 - Entering valid email and password..
2025-09-15 13:59:03 INFO  TC_002_LoginTest:35 - clicked on ligin button..
2025-09-15 13:59:04 INFO  TC_002_LoginTest:49 - **** Finished TC_002_LoginTest  ****
2025-09-15 14:02:14 INFO  TC_002_LoginTest:17 - **** Starting TC_002_LoginTest  ****
2025-09-15 14:02:14 DEBUG TC_002_LoginTest:18 - capturing application debug logs....
2025-09-15 14:02:14 INFO  TC_002_LoginTest:24 - clicked on myaccount link on the home page..
2025-09-15 14:02:15 INFO  TC_002_LoginTest:26 - clicked on login link under myaccount..
2025-09-15 14:02:17 INFO  TC_002_LoginTest:31 - Entering valid email and password..
2025-09-15 14:02:17 INFO  TC_002_LoginTest:35 - clicked on ligin button..
2025-09-15 14:02:18 INFO  TC_002_LoginTest:49 - **** Finished TC_002_LoginTest  ****
2025-09-15 16:04:36 INFO  TC_001_AccountRegistrationTest:46 - **********Starting TC001_AccountRegistrationTest ***
2025-09-15 16:04:36 INFO  TC_001_AccountRegistrationTest:51 - ********** Clicked on Myaccount Link ***
2025-09-15 16:04:37 INFO  TC_001_AccountRegistrationTest:53 - ********** Clicked on Registration Link ***
2025-09-15 16:04:37 INFO  TC_001_AccountRegistrationTest:56 - ********** Providing customer details.... ***
2025-09-15 16:04:39 INFO  TC_001_AccountRegistrationTest:71 - ********** Validating expected message.. ***
2025-09-15 16:04:39 INFO  TC_001_AccountRegistrationTest:91 - **********Fnished TC001_AccountRegistrationTest ***
2025-09-15 16:04:43 INFO  TC_002_LoginTest:17 - **** Starting TC_002_LoginTest  ****
2025-09-15 16:04:43 DEBUG TC_002_LoginTest:18 - capturing application debug logs....
2025-09-15 16:04:43 INFO  TC_002_LoginTest:24 - clicked on myaccount link on the home page..
2025-09-15 16:04:44 INFO  TC_002_LoginTest:26 - clicked on login link under myaccount..
2025-09-15 16:04:46 INFO  TC_002_LoginTest:31 - Entering valid email and password..
2025-09-15 16:04:46 INFO  TC_002_LoginTest:35 - clicked on ligin button..
2025-09-15 16:04:47 INFO  TC_002_LoginTest:49 - **** Finished TC_002_LoginTest  ****
2025-09-15 16:05:33 INFO  TC_001_AccountRegistrationTest:46 - **********Starting TC001_AccountRegistrationTest ***
2025-09-15 16:05:33 INFO  TC_001_AccountRegistrationTest:51 - ********** Clicked on Myaccount Link ***
2025-09-15 16:05:34 INFO  TC_001_AccountRegistrationTest:53 - ********** Clicked on Registration Link ***
2025-09-15 16:05:34 INFO  TC_001_AccountRegistrationTest:56 - ********** Providing customer details.... ***
2025-09-15 16:05:35 INFO  TC_001_AccountRegistrationTest:71 - ********** Validating expected message.. ***
2025-09-15 16:05:35 INFO  TC_001_AccountRegistrationTest:91 - **********Fnished TC001_AccountRegistrationTest ***
2025-09-15 16:05:48 INFO  TC_002_LoginTest:17 - **** Starting TC_002_LoginTest  ****
2025-09-15 16:05:48 DEBUG TC_002_LoginTest:18 - capturing application debug logs....
2025-09-15 16:05:48 INFO  TC_002_LoginTest:24 - clicked on myaccount link on the home page..
2025-09-15 16:05:48 INFO  TC_002_LoginTest:26 - clicked on login link under myaccount..
2025-09-15 16:05:50 INFO  TC_002_LoginTest:31 - Entering valid email and password..
2025-09-15 16:05:52 INFO  TC_002_LoginTest:35 - clicked on ligin button..
2025-09-15 16:05:52 INFO  TC_002_LoginTest:49 - **** Finished TC_002_LoginTest  ****
2025-09-15 16:06:17 INFO  TC_001_AccountRegistrationTest:46 - **********Starting TC001_AccountRegistrationTest ***
2025-09-15 16:06:17 INFO  TC_001_AccountRegistrationTest:51 - ********** Clicked on Myaccount Link ***
2025-09-15 16:06:18 INFO  TC_001_AccountRegistrationTest:53 - ********** Clicked on Registration Link ***
2025-09-15 16:06:18 INFO  TC_001_AccountRegistrationTest:56 - ********** Providing customer details.... ***
2025-09-15 16:06:19 INFO  TC_001_AccountRegistrationTest:71 - ********** Validating expected message.. ***
2025-09-15 16:06:20 INFO  TC_001_AccountRegistrationTest:91 - **********Fnished TC001_AccountRegistrationTest ***
2025-09-15 16:06:23 INFO  TC_002_LoginTest:17 - **** Starting TC_002_LoginTest  ****
2025-09-15 16:06:23 DEBUG TC_002_LoginTest:18 - capturing application debug logs....
2025-09-15 16:06:24 INFO  TC_002_LoginTest:24 - clicked on myaccount link on the home page..
2025-09-15 16:06:24 INFO  TC_002_LoginTest:26 - clicked on login link under myaccount..
2025-09-15 16:06:26 INFO  TC_002_LoginTest:31 - Entering valid email and password..
2025-09-15 16:06:26 INFO  TC_002_LoginTest:35 - clicked on ligin button..
2025-09-15 16:06:28 INFO  TC_002_LoginTest:49 - **** Finished TC_002_LoginTest  ****
2025-09-15 16:06:35 INFO  TC_001_AccountRegistrationTest:46 - **********Starting TC001_AccountRegistrationTest ***
2025-09-15 16:06:35 INFO  TC_001_AccountRegistrationTest:51 - ********** Clicked on Myaccount Link ***
2025-09-15 16:06:36 INFO  TC_001_AccountRegistrationTest:53 - ********** Clicked on Registration Link ***
2025-09-15 16:06:36 INFO  TC_001_AccountRegistrationTest:56 - ********** Providing customer details.... ***
2025-09-15 16:06:37 INFO  TC_001_AccountRegistrationTest:71 - ********** Validating expected message.. ***
2025-09-15 16:06:38 INFO  TC_001_AccountRegistrationTest:91 - **********Fnished TC001_AccountRegistrationTest ***
2025-09-15 16:06:44 INFO  TC_002_LoginTest:17 - **** Starting TC_002_LoginTest  ****
2025-09-15 16:06:44 DEBUG TC_002_LoginTest:18 - capturing application debug logs....
2025-09-15 16:06:44 INFO  TC_002_LoginTest:24 - clicked on myaccount link on the home page..
2025-09-15 16:06:44 INFO  TC_002_LoginTest:26 - clicked on login link under myaccount..
2025-09-15 16:06:46 INFO  TC_002_LoginTest:31 - Entering valid email and password..
2025-09-15 16:06:47 INFO  TC_002_LoginTest:35 - clicked on ligin button..
2025-09-15 16:06:47 INFO  TC_002_LoginTest:49 - **** Finished TC_002_LoginTest  ****
2025-09-15 16:07:05 INFO  TC_001_AccountRegistrationTest:46 - **********Starting TC001_AccountRegistrationTest ***
2025-09-15 16:07:06 INFO  TC_001_AccountRegistrationTest:51 - ********** Clicked on Myaccount Link ***
2025-09-15 16:07:06 INFO  TC_001_AccountRegistrationTest:53 - ********** Clicked on Registration Link ***
2025-09-15 16:07:06 INFO  TC_001_AccountRegistrationTest:56 - ********** Providing customer details.... ***
2025-09-15 16:07:09 INFO  TC_001_AccountRegistrationTest:71 - ********** Validating expected message.. ***
2025-09-15 16:07:09 INFO  TC_001_AccountRegistrationTest:91 - **********Fnished TC001_AccountRegistrationTest ***
2025-09-15 16:07:13 INFO  TC_002_LoginTest:17 - **** Starting TC_002_LoginTest  ****
2025-09-15 16:07:13 DEBUG TC_002_LoginTest:18 - capturing application debug logs....
2025-09-15 16:07:13 INFO  TC_002_LoginTest:24 - clicked on myaccount link on the home page..
2025-09-15 16:07:13 INFO  TC_002_LoginTest:26 - clicked on login link under myaccount..
2025-09-15 16:07:15 INFO  TC_002_LoginTest:31 - Entering valid email and password..
2025-09-15 16:07:17 INFO  TC_002_LoginTest:35 - clicked on ligin button..
2025-09-15 16:07:17 INFO  TC_002_LoginTest:49 - **** Finished TC_002_LoginTest  ****
2025-09-15 16:07:25 INFO  TC_001_AccountRegistrationTest:46 - **********Starting TC001_AccountRegistrationTest ***
2025-09-15 16:07:25 INFO  TC_001_AccountRegistrationTest:51 - ********** Clicked on Myaccount Link ***
2025-09-15 16:07:26 INFO  TC_001_AccountRegistrationTest:53 - ********** Clicked on Registration Link ***
2025-09-15 16:07:26 INFO  TC_001_AccountRegistrationTest:56 - ********** Providing customer details.... ***
2025-09-15 16:07:28 INFO  TC_001_AccountRegistrationTest:71 - ********** Validating expected message.. ***
2025-09-15 16:07:28 INFO  TC_001_AccountRegistrationTest:91 - **********Fnished TC001_AccountRegistrationTest ***
2025-09-15 16:07:35 INFO  TC_002_LoginTest:17 - **** Starting TC_002_LoginTest  ****
2025-09-15 16:07:35 DEBUG TC_002_LoginTest:18 - capturing application debug logs....
2025-09-15 16:07:35 INFO  TC_002_LoginTest:24 - clicked on myaccount link on the home page..
2025-09-15 16:07:36 INFO  TC_002_LoginTest:26 - clicked on login link under myaccount..
2025-09-15 16:07:38 INFO  TC_002_LoginTest:31 - Entering valid email and password..
2025-09-15 16:07:39 INFO  TC_002_LoginTest:35 - clicked on ligin button..
2025-09-15 16:07:39 INFO  TC_002_LoginTest:49 - **** Finished TC_002_LoginTest  ****
2025-09-15 16:08:56 INFO  TC_001_AccountRegistrationTest:46 - **********Starting TC001_AccountRegistrationTest ***
2025-09-15 16:08:56 INFO  TC_001_AccountRegistrationTest:51 - ********** Clicked on Myaccount Link ***
2025-09-15 16:08:57 INFO  TC_001_AccountRegistrationTest:53 - ********** Clicked on Registration Link ***
2025-09-15 16:08:57 INFO  TC_001_AccountRegistrationTest:56 - ********** Providing customer details.... ***
2025-09-15 16:08:59 INFO  TC_001_AccountRegistrationTest:71 - ********** Validating expected message.. ***
2025-09-15 16:08:59 INFO  TC_001_AccountRegistrationTest:91 - **********Fnished TC001_AccountRegistrationTest ***
2025-09-15 16:09:03 INFO  TC_002_LoginTest:17 - **** Starting TC_002_LoginTest  ****
2025-09-15 16:09:03 DEBUG TC_002_LoginTest:18 - capturing application debug logs....
2025-09-15 16:09:03 INFO  TC_002_LoginTest:24 - clicked on myaccount link on the home page..
2025-09-15 16:09:04 INFO  TC_002_LoginTest:26 - clicked on login link under myaccount..
2025-09-15 16:09:06 INFO  TC_002_LoginTest:31 - Entering valid email and password..
2025-09-15 16:09:06 INFO  TC_002_LoginTest:35 - clicked on ligin button..
2025-09-15 16:09:08 INFO  TC_002_LoginTest:49 - **** Finished TC_002_LoginTest  ****
2025-09-15 16:09:22 INFO  TC_001_AccountRegistrationTest:46 - **********Starting TC001_AccountRegistrationTest ***
2025-09-15 16:09:22 INFO  TC_001_AccountRegistrationTest:51 - ********** Clicked on Myaccount Link ***
2025-09-15 16:09:24 INFO  TC_001_AccountRegistrationTest:53 - ********** Clicked on Registration Link ***
2025-09-15 16:09:24 INFO  TC_001_AccountRegistrationTest:56 - ********** Providing customer details.... ***
2025-09-15 16:09:25 INFO  TC_001_AccountRegistrationTest:71 - ********** Validating expected message.. ***
2025-09-15 16:09:25 INFO  TC_001_AccountRegistrationTest:91 - **********Fnished TC001_AccountRegistrationTest ***
2025-09-15 16:09:31 INFO  TC_002_LoginTest:17 - **** Starting TC_002_LoginTest  ****
2025-09-15 16:09:31 DEBUG TC_002_LoginTest:18 - capturing application debug logs....
2025-09-15 16:09:31 INFO  TC_002_LoginTest:24 - clicked on myaccount link on the home page..
2025-09-15 16:09:32 INFO  TC_002_LoginTest:26 - clicked on login link under myaccount..
2025-09-15 16:09:34 INFO  TC_002_LoginTest:31 - Entering valid email and password..
2025-09-15 16:09:35 INFO  TC_002_LoginTest:35 - clicked on ligin button..
2025-09-15 16:09:35 INFO  TC_002_LoginTest:49 - **** Finished TC_002_LoginTest  ****
2025-09-15 16:20:46 INFO  TC_001_AccountRegistrationTest:46 - **********Starting TC001_AccountRegistrationTest ***
2025-09-15 16:20:46 INFO  TC_001_AccountRegistrationTest:51 - ********** Clicked on Myaccount Link ***
2025-09-15 16:20:47 INFO  TC_001_AccountRegistrationTest:53 - ********** Clicked on Registration Link ***
2025-09-15 16:20:47 INFO  TC_001_AccountRegistrationTest:56 - ********** Providing customer details.... ***
2025-09-15 16:20:49 INFO  TC_001_AccountRegistrationTest:71 - ********** Validating expected message.. ***
2025-09-15 16:20:49 INFO  TC_001_AccountRegistrationTest:91 - **********Fnished TC001_AccountRegistrationTest ***
2025-09-15 16:20:53 INFO  TC_001_AccountRegistrationTest:46 - **********Starting TC001_AccountRegistrationTest ***
2025-09-15 16:20:53 INFO  TC_001_AccountRegistrationTest:51 - ********** Clicked on Myaccount Link ***
2025-09-15 16:20:54 INFO  TC_001_AccountRegistrationTest:53 - ********** Clicked on Registration Link ***
2025-09-15 16:20:54 INFO  TC_001_AccountRegistrationTest:56 - ********** Providing customer details.... ***
2025-09-15 16:20:55 INFO  TC_001_AccountRegistrationTest:71 - ********** Validating expected message.. ***
2025-09-15 16:20:56 INFO  TC_001_AccountRegistrationTest:91 - **********Fnished TC001_AccountRegistrationTest ***
2025-09-15 16:20:59 INFO  TC_002_LoginTest:17 - **** Starting TC_002_LoginTest  ****
2025-09-15 16:20:59 DEBUG TC_002_LoginTest:18 - capturing application debug logs....
2025-09-15 16:20:59 INFO  TC_002_LoginTest:24 - clicked on myaccount link on the home page..
2025-09-15 16:20:59 INFO  TC_002_LoginTest:26 - clicked on login link under myaccount..
2025-09-15 16:21:01 INFO  TC_002_LoginTest:31 - Entering valid email and password..
2025-09-15 16:21:02 INFO  TC_002_LoginTest:35 - clicked on ligin button..
2025-09-15 16:21:03 INFO  TC_002_LoginTest:49 - **** Finished TC_002_LoginTest  ****
2025-09-15 16:21:07 INFO  TC_002_LoginTest:17 - **** Starting TC_002_LoginTest  ****
2025-09-15 16:21:07 DEBUG TC_002_LoginTest:18 - capturing application debug logs....
2025-09-15 16:21:07 INFO  TC_002_LoginTest:24 - clicked on myaccount link on the home page..
2025-09-15 16:21:08 INFO  TC_002_LoginTest:26 - clicked on login link under myaccount..
2025-09-15 16:21:10 INFO  TC_002_LoginTest:31 - Entering valid email and password..
2025-09-15 16:21:10 INFO  TC_002_LoginTest:35 - clicked on ligin button..
2025-09-15 16:21:11 INFO  TC_002_LoginTest:49 - **** Finished TC_002_LoginTest  ****
2025-09-15 16:21:13 INFO  TC_001_AccountRegistrationTest:46 - **********Starting TC001_AccountRegistrationTest ***
2025-09-15 16:21:13 INFO  TC_001_AccountRegistrationTest:51 - ********** Clicked on Myaccount Link ***
2025-09-15 16:21:14 INFO  TC_001_AccountRegistrationTest:53 - ********** Clicked on Registration Link ***
2025-09-15 16:21:14 INFO  TC_001_AccountRegistrationTest:56 - ********** Providing customer details.... ***
2025-09-15 16:21:16 INFO  TC_001_AccountRegistrationTest:71 - ********** Validating expected message.. ***
2025-09-15 16:21:16 INFO  TC_001_AccountRegistrationTest:91 - **********Fnished TC001_AccountRegistrationTest ***
2025-09-15 16:21:21 INFO  TC_001_AccountRegistrationTest:46 - **********Starting TC001_AccountRegistrationTest ***
2025-09-15 16:21:21 INFO  TC_001_AccountRegistrationTest:51 - ********** Clicked on Myaccount Link ***
2025-09-15 16:21:22 INFO  TC_001_AccountRegistrationTest:53 - ********** Clicked on Registration Link ***
2025-09-15 16:21:22 INFO  TC_001_AccountRegistrationTest:56 - ********** Providing customer details.... ***
2025-09-15 16:21:24 INFO  TC_001_AccountRegistrationTest:71 - ********** Validating expected message.. ***
2025-09-15 16:21:24 INFO  TC_001_AccountRegistrationTest:91 - **********Fnished TC001_AccountRegistrationTest ***
2025-09-15 16:21:29 INFO  TC_002_LoginTest:17 - **** Starting TC_002_LoginTest  ****
2025-09-15 16:21:29 DEBUG TC_002_LoginTest:18 - capturing application debug logs....
2025-09-15 16:21:30 INFO  TC_002_LoginTest:24 - clicked on myaccount link on the home page..
2025-09-15 16:21:30 INFO  TC_002_LoginTest:26 - clicked on login link under myaccount..
2025-09-15 16:21:32 INFO  TC_002_LoginTest:31 - Entering valid email and password..
2025-09-15 16:21:33 INFO  TC_002_LoginTest:35 - clicked on ligin button..
2025-09-15 16:21:33 INFO  TC_002_LoginTest:49 - **** Finished TC_002_LoginTest  ****
2025-09-15 16:21:39 INFO  TC_002_LoginTest:17 - **** Starting TC_002_LoginTest  ****
2025-09-15 16:21:39 DEBUG TC_002_LoginTest:18 - capturing application debug logs....
2025-09-15 16:21:39 INFO  TC_002_LoginTest:24 - clicked on myaccount link on the home page..
2025-09-15 16:21:40 INFO  TC_002_LoginTest:26 - clicked on login link under myaccount..
2025-09-15 16:21:42 INFO  TC_002_LoginTest:31 - Entering valid email and password..
2025-09-15 16:21:43 INFO  TC_002_LoginTest:35 - clicked on ligin button..
2025-09-15 16:21:43 INFO  TC_002_LoginTest:49 - **** Finished TC_002_LoginTest  ****
2025-09-15 17:18:27 DEBUG TestNG:82 - suiteXmlPath: "C:\SoftwareAutomation\myworkspace\SeleniumWebdriver\OpenCartV121\master.xml"
2025-09-15 17:19:33 DEBUG TestNG:82 - suiteXmlPath: "C:\SoftwareAutomation\myworkspace\SeleniumWebdriver\OpenCartV121\master.xml"
2025-09-15 17:21:45 DEBUG TestNG:82 - suiteXmlPath: "C:\SoftwareAutomation\myworkspace\SeleniumWebdriver\OpenCartV121\master.xml"
2025-09-15 17:22:29 DEBUG TestNG:82 - suiteXmlPath: "C:\SoftwareAutomation\myworkspace\SeleniumWebdriver\OpenCartV121\master.xml"
2025-09-15 17:24:56 DEBUG TestNG:82 - suiteXmlPath: "C:\SoftwareAutomation\myworkspace\SeleniumWebdriver\OpenCartV121\master.xml"
2025-09-15 17:25:03 INFO  TC_002_LoginTest:17 - **** Starting TC_002_LoginTest  ****
2025-09-15 17:25:03 DEBUG TC_002_LoginTest:18 - capturing application debug logs....
2025-09-15 17:25:03 INFO  TC_002_LoginTest:24 - clicked on myaccount link on the home page..
2025-09-15 17:25:03 INFO  TC_002_LoginTest:26 - clicked on login link under myaccount..
2025-09-15 17:25:05 INFO  TC_002_LoginTest:31 - Entering valid email and password..
2025-09-15 17:25:06 INFO  TC_002_LoginTest:35 - clicked on ligin button..
2025-09-15 17:25:07 INFO  TC_002_LoginTest:49 - **** Finished TC_002_LoginTest  ****
2025-09-15 17:28:42 DEBUG TestNG:82 - suiteXmlPath: "C:\SoftwareAutomation\myworkspace\SeleniumWebdriver\OpenCartV121\master.xml"
2025-09-15 17:28:47 INFO  TC_002_LoginTest:17 - **** Starting TC_002_LoginTest  ****
2025-09-15 17:28:47 DEBUG TC_002_LoginTest:18 - capturing application debug logs....
2025-09-15 17:28:48 INFO  TC_002_LoginTest:24 - clicked on myaccount link on the home page..
2025-09-15 17:28:48 INFO  TC_002_LoginTest:26 - clicked on login link under myaccount..
2025-09-15 17:28:50 INFO  TC_002_LoginTest:31 - Entering valid email and password..
2025-09-15 17:28:52 INFO  TC_002_LoginTest:35 - clicked on ligin button..
2025-09-15 17:28:52 INFO  TC_002_LoginTest:49 - **** Finished TC_002_LoginTest  ****
2025-09-15 17:29:50 DEBUG TestNG:82 - suiteXmlPath: "C:\SoftwareAutomation\myworkspace\SeleniumWebdriver\OpenCartV121\master.xml"
2025-09-15 17:29:55 INFO  TC_001_AccountRegistrationTest:46 - **********Starting TC001_AccountRegistrationTest ***
2025-09-15 17:29:55 INFO  TC_001_AccountRegistrationTest:51 - ********** Clicked on Myaccount Link ***
2025-09-15 17:29:56 INFO  TC_001_AccountRegistrationTest:53 - ********** Clicked on Registration Link ***
2025-09-15 17:29:56 INFO  TC_001_AccountRegistrationTest:56 - ********** Providing customer details.... ***
2025-09-15 17:29:57 INFO  TC_001_AccountRegistrationTest:71 - ********** Validating expected message.. ***
2025-09-15 17:29:58 INFO  TC_001_AccountRegistrationTest:91 - **********Fnished TC001_AccountRegistrationTest ***
2025-09-15 17:30:02 INFO  TC_002_LoginTest:17 - **** Starting TC_002_LoginTest  ****
2025-09-15 17:30:02 DEBUG TC_002_LoginTest:18 - capturing application debug logs....
2025-09-15 17:30:02 INFO  TC_002_LoginTest:24 - clicked on myaccount link on the home page..
2025-09-15 17:30:04 INFO  TC_002_LoginTest:26 - clicked on login link under myaccount..
2025-09-15 17:30:06 INFO  TC_002_LoginTest:31 - Entering valid email and password..
2025-09-15 17:30:06 INFO  TC_002_LoginTest:35 - clicked on ligin button..
2025-09-15 17:30:08 INFO  TC_002_LoginTest:49 - **** Finished TC_002_LoginTest  ****
2025-09-15 17:34:27 DEBUG TestNG:82 - suiteXmlPath: "C:\SoftwareAutomation\myworkspace\SeleniumWebdriver\OpenCartV121\docker-compose.yaml"
2025-09-15 17:35:09 DEBUG TestNG:82 - suiteXmlPath: "C:\SoftwareAutomation\myworkspace\SeleniumWebdriver\OpenCartV121\grid-docker.xml"
2025-09-15 17:35:15 INFO  TC_001_AccountRegistrationTest:46 - **********Starting TC001_AccountRegistrationTest ***
2025-09-15 17:35:15 INFO  TC_001_AccountRegistrationTest:51 - ********** Clicked on Myaccount Link ***
2025-09-15 17:35:16 INFO  TC_001_AccountRegistrationTest:53 - ********** Clicked on Registration Link ***
2025-09-15 17:35:16 INFO  TC_001_AccountRegistrationTest:56 - ********** Providing customer details.... ***
2025-09-15 17:35:18 INFO  TC_001_AccountRegistrationTest:71 - ********** Validating expected message.. ***
2025-09-15 17:35:18 INFO  TC_001_AccountRegistrationTest:91 - **********Fnished TC001_AccountRegistrationTest ***
2025-09-15 17:35:21 INFO  TC_002_LoginTest:17 - **** Starting TC_002_LoginTest  ****
2025-09-15 17:35:21 DEBUG TC_002_LoginTest:18 - capturing application debug logs....
2025-09-15 17:35:21 INFO  TC_002_LoginTest:24 - clicked on myaccount link on the home page..
2025-09-15 17:35:22 INFO  TC_002_LoginTest:26 - clicked on login link under myaccount..
2025-09-15 17:35:24 INFO  TC_002_LoginTest:31 - Entering valid email and password..
2025-09-15 17:35:25 INFO  TC_002_LoginTest:35 - clicked on ligin button..
2025-09-15 17:35:25 INFO  TC_002_LoginTest:49 - **** Finished TC_002_LoginTest  ****
2025-09-15 17:35:34 INFO  TC_001_AccountRegistrationTest:46 - **********Starting TC001_AccountRegistrationTest ***
2025-09-15 17:35:34 INFO  TC_001_AccountRegistrationTest:51 - ********** Clicked on Myaccount Link ***
2025-09-15 17:35:35 INFO  TC_001_AccountRegistrationTest:53 - ********** Clicked on Registration Link ***
2025-09-15 17:35:35 INFO  TC_001_AccountRegistrationTest:56 - ********** Providing customer details.... ***
2025-09-15 17:35:37 INFO  TC_001_AccountRegistrationTest:71 - ********** Validating expected message.. ***
2025-09-15 17:35:37 INFO  TC_001_AccountRegistrationTest:91 - **********Fnished TC001_AccountRegistrationTest ***
2025-09-15 17:35:43 INFO  TC_002_LoginTest:17 - **** Starting TC_002_LoginTest  ****
2025-09-15 17:35:43 DEBUG TC_002_LoginTest:18 - capturing application debug logs....
2025-09-15 17:35:43 INFO  TC_002_LoginTest:24 - clicked on myaccount link on the home page..
2025-09-15 17:35:44 INFO  TC_002_LoginTest:26 - clicked on login link under myaccount..
2025-09-15 17:35:46 INFO  TC_002_LoginTest:31 - Entering valid email and password..
2025-09-15 17:35:47 INFO  TC_002_LoginTest:35 - clicked on ligin button..
2025-09-15 17:35:47 INFO  TC_002_LoginTest:49 - **** Finished TC_002_LoginTest  ****
2025-09-15 18:19:56 DEBUG TestNG:82 - suiteXmlPath: "C:\SoftwareAutomation\myworkspace\SeleniumWebdriver\OpenCartV121\grid-docker.xml"
2025-09-15 18:20:02 INFO  TC_001_AccountRegistrationTest:46 - **********Starting TC001_AccountRegistrationTest ***
2025-09-15 18:20:02 INFO  TC_001_AccountRegistrationTest:51 - ********** Clicked on Myaccount Link ***
2025-09-15 18:20:04 INFO  TC_001_AccountRegistrationTest:53 - ********** Clicked on Registration Link ***
2025-09-15 18:20:04 INFO  TC_001_AccountRegistrationTest:56 - ********** Providing customer details.... ***
2025-09-15 18:20:08 INFO  TC_001_AccountRegistrationTest:71 - ********** Validating expected message.. ***
2025-09-15 18:20:08 INFO  TC_001_AccountRegistrationTest:91 - **********Fnished TC001_AccountRegistrationTest ***
2025-09-15 18:20:12 INFO  TC_002_LoginTest:17 - **** Starting TC_002_LoginTest  ****
2025-09-15 18:20:12 DEBUG TC_002_LoginTest:18 - capturing application debug logs....
2025-09-15 18:20:12 INFO  TC_002_LoginTest:24 - clicked on myaccount link on the home page..
2025-09-15 18:20:13 INFO  TC_002_LoginTest:26 - clicked on login link under myaccount..
2025-09-15 18:20:15 INFO  TC_002_LoginTest:31 - Entering valid email and password..
2025-09-15 18:20:16 INFO  TC_002_LoginTest:35 - clicked on ligin button..
2025-09-15 18:20:16 INFO  TC_002_LoginTest:49 - **** Finished TC_002_LoginTest  ****
2025-09-15 18:20:23 INFO  TC_001_AccountRegistrationTest:46 - **********Starting TC001_AccountRegistrationTest ***
2025-09-15 18:20:24 INFO  TC_001_AccountRegistrationTest:51 - ********** Clicked on Myaccount Link ***
2025-09-15 18:20:24 INFO  TC_001_AccountRegistrationTest:53 - ********** Clicked on Registration Link ***
2025-09-15 18:20:24 INFO  TC_001_AccountRegistrationTest:56 - ********** Providing customer details.... ***
2025-09-15 18:20:26 INFO  TC_001_AccountRegistrationTest:71 - ********** Validating expected message.. ***
2025-09-15 18:20:26 INFO  TC_001_AccountRegistrationTest:91 - **********Fnished TC001_AccountRegistrationTest ***
2025-09-15 18:20:32 INFO  TC_002_LoginTest:17 - **** Starting TC_002_LoginTest  ****
2025-09-15 18:20:32 DEBUG TC_002_LoginTest:18 - capturing application debug logs....
2025-09-15 18:20:32 INFO  TC_002_LoginTest:24 - clicked on myaccount link on the home page..
2025-09-15 18:20:33 INFO  TC_002_LoginTest:26 - clicked on login link under myaccount..
2025-09-15 18:20:35 INFO  TC_002_LoginTest:31 - Entering valid email and password..
2025-09-15 18:20:36 INFO  TC_002_LoginTest:35 - clicked on ligin button..
2025-09-15 18:20:36 INFO  TC_002_LoginTest:49 - **** Finished TC_002_LoginTest  ****
2025-09-15 18:34:58 DEBUG TestNG:82 - suiteXmlPath: "C:\SoftwareAutomation\myworkspace\SeleniumWebdriver\OpenCartV121\grid-docker.xml"
2025-09-15 18:35:05 INFO  TC_001_AccountRegistrationTest:46 - **********Starting TC001_AccountRegistrationTest ***
2025-09-15 18:35:05 INFO  TC_001_AccountRegistrationTest:51 - ********** Clicked on Myaccount Link ***
2025-09-15 18:35:06 INFO  TC_001_AccountRegistrationTest:53 - ********** Clicked on Registration Link ***
2025-09-15 18:35:06 INFO  TC_001_AccountRegistrationTest:56 - ********** Providing customer details.... ***
2025-09-15 18:35:08 INFO  TC_001_AccountRegistrationTest:71 - ********** Validating expected message.. ***
2025-09-15 18:35:08 INFO  TC_001_AccountRegistrationTest:91 - **********Fnished TC001_AccountRegistrationTest ***
2025-09-15 18:35:11 INFO  TC_002_LoginTest:17 - **** Starting TC_002_LoginTest  ****
2025-09-15 18:35:11 DEBUG TC_002_LoginTest:18 - capturing application debug logs....
2025-09-15 18:35:11 INFO  TC_002_LoginTest:24 - clicked on myaccount link on the home page..
2025-09-15 18:35:12 INFO  TC_002_LoginTest:26 - clicked on login link under myaccount..
2025-09-15 18:35:14 INFO  TC_002_LoginTest:31 - Entering valid email and password..
2025-09-15 18:35:14 INFO  TC_002_LoginTest:35 - clicked on ligin button..
2025-09-15 18:35:15 INFO  TC_002_LoginTest:49 - **** Finished TC_002_LoginTest  ****
2025-09-15 18:35:29 INFO  TC_001_AccountRegistrationTest:46 - **********Starting TC001_AccountRegistrationTest ***
2025-09-15 18:35:29 INFO  TC_001_AccountRegistrationTest:51 - ********** Clicked on Myaccount Link ***
2025-09-15 18:35:31 INFO  TC_001_AccountRegistrationTest:53 - ********** Clicked on Registration Link ***
2025-09-15 18:35:31 INFO  TC_001_AccountRegistrationTest:56 - ********** Providing customer details.... ***
2025-09-15 18:35:32 INFO  TC_001_AccountRegistrationTest:71 - ********** Validating expected message.. ***
2025-09-15 18:35:32 INFO  TC_001_AccountRegistrationTest:91 - **********Fnished TC001_AccountRegistrationTest ***
2025-09-15 18:35:38 INFO  TC_002_LoginTest:17 - **** Starting TC_002_LoginTest  ****
2025-09-15 18:35:38 DEBUG TC_002_LoginTest:18 - capturing application debug logs....
2025-09-15 18:35:38 INFO  TC_002_LoginTest:24 - clicked on myaccount link on the home page..
2025-09-15 18:35:38 INFO  TC_002_LoginTest:26 - clicked on login link under myaccount..
2025-09-15 18:35:40 INFO  TC_002_LoginTest:31 - Entering valid email and password..
2025-09-15 18:35:41 INFO  TC_002_LoginTest:35 - clicked on ligin button..
2025-09-15 18:35:42 INFO  TC_002_LoginTest:49 - **** Finished TC_002_LoginTest  ****
2025-09-15 18:47:21 DEBUG TestNG:82 - suiteXmlPath: "C:\SoftwareAutomation\myworkspace\SeleniumWebdriver\OpenCartV121\grid-docker.xml"
2025-09-15 18:47:27 INFO  TC_001_AccountRegistrationTest:46 - **********Starting TC001_AccountRegistrationTest ***
2025-09-15 18:47:27 INFO  TC_001_AccountRegistrationTest:51 - ********** Clicked on Myaccount Link ***
2025-09-15 18:47:28 INFO  TC_001_AccountRegistrationTest:53 - ********** Clicked on Registration Link ***
2025-09-15 18:47:28 INFO  TC_001_AccountRegistrationTest:56 - ********** Providing customer details.... ***
2025-09-15 18:47:30 INFO  TC_001_AccountRegistrationTest:71 - ********** Validating expected message.. ***
2025-09-15 18:47:30 INFO  TC_001_AccountRegistrationTest:91 - **********Fnished TC001_AccountRegistrationTest ***
2025-09-15 18:47:33 INFO  TC_002_LoginTest:17 - **** Starting TC_002_LoginTest  ****
2025-09-15 18:47:33 DEBUG TC_002_LoginTest:18 - capturing application debug logs....
2025-09-15 18:47:34 INFO  TC_002_LoginTest:24 - clicked on myaccount link on the home page..
2025-09-15 18:47:34 INFO  TC_002_LoginTest:26 - clicked on login link under myaccount..
2025-09-15 18:47:36 INFO  TC_002_LoginTest:31 - Entering valid email and password..
2025-09-15 18:47:36 INFO  TC_002_LoginTest:35 - clicked on ligin button..
2025-09-15 18:47:38 INFO  TC_002_LoginTest:49 - **** Finished TC_002_LoginTest  ****
2025-09-15 18:47:50 INFO  TC_001_AccountRegistrationTest:46 - **********Starting TC001_AccountRegistrationTest ***
2025-09-15 18:47:50 INFO  TC_001_AccountRegistrationTest:51 - ********** Clicked on Myaccount Link ***
2025-09-15 18:47:52 INFO  TC_001_AccountRegistrationTest:53 - ********** Clicked on Registration Link ***
2025-09-15 18:47:52 INFO  TC_001_AccountRegistrationTest:56 - ********** Providing customer details.... ***
2025-09-15 18:47:53 INFO  TC_001_AccountRegistrationTest:71 - ********** Validating expected message.. ***
2025-09-15 18:48:03 ERROR TC_001_AccountRegistrationTest:80 - Test Failed...
2025-09-15 18:48:03 DEBUG TC_001_AccountRegistrationTest:81 - Debug logs...
2025-09-15 18:48:08 INFO  TC_002_LoginTest:17 - **** Starting TC_002_LoginTest  ****
2025-09-15 18:48:08 DEBUG TC_002_LoginTest:18 - capturing application debug logs....
2025-09-15 18:48:09 INFO  TC_002_LoginTest:24 - clicked on myaccount link on the home page..
2025-09-15 18:48:09 INFO  TC_002_LoginTest:26 - clicked on login link under myaccount..
2025-09-15 18:48:11 INFO  TC_002_LoginTest:31 - Entering valid email and password..
2025-09-15 18:48:12 INFO  TC_002_LoginTest:35 - clicked on ligin button..
2025-09-15 18:48:12 INFO  TC_002_LoginTest:49 - **** Finished TC_002_LoginTest  ****
2025-09-15 18:49:29 DEBUG TestNG:82 - suiteXmlPath: "C:\SoftwareAutomation\myworkspace\SeleniumWebdriver\OpenCartV121\grid-docker.xml"
2025-09-15 18:49:33 INFO  TC_001_AccountRegistrationTest:46 - **********Starting TC001_AccountRegistrationTest ***
2025-09-15 18:49:33 INFO  TC_001_AccountRegistrationTest:51 - ********** Clicked on Myaccount Link ***
2025-09-15 18:49:34 INFO  TC_001_AccountRegistrationTest:53 - ********** Clicked on Registration Link ***
2025-09-15 18:49:34 INFO  TC_001_AccountRegistrationTest:56 - ********** Providing customer details.... ***
2025-09-15 18:49:36 INFO  TC_001_AccountRegistrationTest:71 - ********** Validating expected message.. ***
2025-09-15 18:49:36 INFO  TC_001_AccountRegistrationTest:91 - **********Fnished TC001_AccountRegistrationTest ***
2025-09-15 18:49:40 INFO  TC_002_LoginTest:17 - **** Starting TC_002_LoginTest  ****
2025-09-15 18:49:40 DEBUG TC_002_LoginTest:18 - capturing application debug logs....
2025-09-15 18:49:40 INFO  TC_002_LoginTest:24 - clicked on myaccount link on the home page..
2025-09-15 18:49:40 INFO  TC_002_LoginTest:26 - clicked on login link under myaccount..
2025-09-15 18:49:42 INFO  TC_002_LoginTest:31 - Entering valid email and password..
2025-09-15 18:49:43 INFO  TC_002_LoginTest:35 - clicked on ligin button..
2025-09-15 18:49:44 INFO  TC_002_LoginTest:49 - **** Finished TC_002_LoginTest  ****
2025-09-15 18:49:53 INFO  TC_001_AccountRegistrationTest:46 - **********Starting TC001_AccountRegistrationTest ***
2025-09-15 18:49:53 INFO  TC_001_AccountRegistrationTest:51 - ********** Clicked on Myaccount Link ***
2025-09-15 18:49:54 INFO  TC_001_AccountRegistrationTest:53 - ********** Clicked on Registration Link ***
2025-09-15 18:49:54 INFO  TC_001_AccountRegistrationTest:56 - ********** Providing customer details.... ***
2025-09-15 18:49:55 INFO  TC_001_AccountRegistrationTest:71 - ********** Validating expected message.. ***
2025-09-15 18:49:55 INFO  TC_001_AccountRegistrationTest:91 - **********Fnished TC001_AccountRegistrationTest ***
2025-09-15 18:50:01 INFO  TC_002_LoginTest:17 - **** Starting TC_002_LoginTest  ****
2025-09-15 18:50:01 DEBUG TC_002_LoginTest:18 - capturing application debug logs....
2025-09-15 18:50:01 INFO  TC_002_LoginTest:24 - clicked on myaccount link on the home page..
2025-09-15 18:50:02 INFO  TC_002_LoginTest:26 - clicked on login link under myaccount..
2025-09-15 18:50:04 INFO  TC_002_LoginTest:31 - Entering valid email and password..
2025-09-15 18:50:07 INFO  TC_002_LoginTest:35 - clicked on ligin button..
2025-09-15 18:50:07 INFO  TC_002_LoginTest:49 - **** Finished TC_002_LoginTest  ****
2025-09-15 18:51:42 DEBUG TestNG:82 - suiteXmlPath: "C:\SoftwareAutomation\myworkspace\SeleniumWebdriver\OpenCartV121\master.xml"
2025-09-15 18:55:06 DEBUG TestNG:82 - suiteXmlPath: "C:\SoftwareAutomation\myworkspace\SeleniumWebdriver\OpenCartV121\master.xml"
2025-09-15 18:55:27 DEBUG TestNG:82 - suiteXmlPath: "C:\SoftwareAutomation\myworkspace\SeleniumWebdriver\OpenCartV121\master.xml"
2025-09-15 19:03:23 DEBUG TestNG:82 - suiteXmlPath: "C:\SoftwareAutomation\myworkspace\SeleniumWebdriver\OpenCartV121\master.xml"
2025-09-15 19:04:17 DEBUG TestNG:82 - suiteXmlPath: "C:\SoftwareAutomation\myworkspace\SeleniumWebdriver\OpenCartV121\grid-docker.xml"
2025-09-15 19:04:23 INFO  TC_001_AccountRegistrationTest:46 - **********Starting TC001_AccountRegistrationTest ***
2025-09-15 19:04:23 INFO  TC_001_AccountRegistrationTest:51 - ********** Clicked on Myaccount Link ***
2025-09-15 19:04:24 INFO  TC_001_AccountRegistrationTest:53 - ********** Clicked on Registration Link ***
2025-09-15 19:04:24 INFO  TC_001_AccountRegistrationTest:56 - ********** Providing customer details.... ***
2025-09-15 19:04:26 INFO  TC_001_AccountRegistrationTest:71 - ********** Validating expected message.. ***
2025-09-15 19:04:26 INFO  TC_001_AccountRegistrationTest:91 - **********Fnished TC001_AccountRegistrationTest ***
2025-09-15 19:04:30 INFO  TC_002_LoginTest:17 - **** Starting TC_002_LoginTest  ****
2025-09-15 19:04:30 DEBUG TC_002_LoginTest:18 - capturing application debug logs....
2025-09-15 19:04:30 INFO  TC_002_LoginTest:24 - clicked on myaccount link on the home page..
2025-09-15 19:04:30 INFO  TC_002_LoginTest:26 - clicked on login link under myaccount..
2025-09-15 19:04:32 INFO  TC_002_LoginTest:31 - Entering valid email and password..
2025-09-15 19:04:34 INFO  TC_002_LoginTest:35 - clicked on ligin button..
2025-09-15 19:04:34 INFO  TC_002_LoginTest:49 - **** Finished TC_002_LoginTest  ****
2025-09-15 19:04:42 INFO  TC_001_AccountRegistrationTest:46 - **********Starting TC001_AccountRegistrationTest ***
2025-09-15 19:04:42 INFO  TC_001_AccountRegistrationTest:51 - ********** Clicked on Myaccount Link ***
2025-09-15 19:04:43 INFO  TC_001_AccountRegistrationTest:53 - ********** Clicked on Registration Link ***
2025-09-15 19:04:43 INFO  TC_001_AccountRegistrationTest:56 - ********** Providing customer details.... ***
2025-09-15 19:04:45 INFO  TC_001_AccountRegistrationTest:71 - ********** Validating expected message.. ***
2025-09-15 19:04:45 INFO  TC_001_AccountRegistrationTest:91 - **********Fnished TC001_AccountRegistrationTest ***
2025-09-15 19:04:58 INFO  TC_002_LoginTest:17 - **** Starting TC_002_LoginTest  ****
2025-09-15 19:04:58 DEBUG TC_002_LoginTest:18 - capturing application debug logs....
2025-09-15 19:04:58 INFO  TC_002_LoginTest:24 - clicked on myaccount link on the home page..
2025-09-15 19:04:59 INFO  TC_002_LoginTest:26 - clicked on login link under myaccount..
2025-09-15 19:05:01 INFO  TC_002_LoginTest:31 - Entering valid email and password..
2025-09-15 19:05:06 INFO  TC_002_LoginTest:35 - clicked on ligin button..
2025-09-15 19:05:07 INFO  TC_002_LoginTest:49 - **** Finished TC_002_LoginTest  ****
